2020 jul 15 15:20:05 [main] handlePluginEngineEvent INFO  es.uvigo.ei.aibench.SplashFrame -
				Loaded merlin-addons   [version 4.0.3]
2020 jul 15 15:20:05 [main] handlePluginEngineEvent INFO  es.uvigo.ei.aibench.SplashFrame -
				Loaded AIBench Core   [version 2.10.2]
2020 jul 15 15:20:05 [main] handlePluginEngineEvent INFO  es.uvigo.ei.aibench.SplashFrame -
				Loaded AIBench Plugin Manager   [version 2.10.2]
2020 jul 15 15:20:05 [main] handlePluginEngineEvent INFO  es.uvigo.ei.aibench.SplashFrame -
				Loaded AIBench Workbench   [version 2.10.2]
2020 jul 15 15:20:05 [main] handlePluginEngineEvent INFO  es.uvigo.ei.aibench.SplashFrame -
				Loaded merlin-automatic-annotation   [version 4.0.3]
2020 jul 15 15:20:05 [main] handlePluginEngineEvent INFO  es.uvigo.ei.aibench.SplashFrame -
				Loaded merlin-biocoiso   [version 4.0.3]
2020 jul 15 15:20:05 [main] handlePluginEngineEvent INFO  es.uvigo.ei.aibench.SplashFrame -
				Loaded merlin-biomass   [version 4.0.3]
2020 jul 15 15:20:05 [main] handlePluginEngineEvent INFO  es.uvigo.ei.aibench.SplashFrame -
				Loaded merlin-compartments   [version 4.0.3]
2020 jul 15 15:20:05 [main] handlePluginEngineEvent INFO  es.uvigo.ei.aibench.SplashFrame -
				Loaded merlin-exporter   [version 4.0.3]
2020 jul 15 15:20:05 [main] handlePluginEngineEvent INFO  es.uvigo.ei.aibench.SplashFrame -
				Loaded merlin-gpr   [version 4.0.4]
2020 jul 15 15:20:05 [main] handlePluginEngineEvent INFO  es.uvigo.ei.aibench.SplashFrame -
				Loaded merlin-gui   [version 4.0.4]
2020 jul 15 15:20:05 [main] handlePluginEngineEvent INFO  es.uvigo.ei.aibench.SplashFrame -
				Loaded merlin-interpro   [version 4.0.3]
2020 jul 15 15:20:05 [main] handlePluginEngineEvent INFO  es.uvigo.ei.aibench.SplashFrame -
				Loaded merlin-sampler   [version 4.0.3]
2020 jul 15 15:20:05 [main] handlePluginEngineEvent INFO  es.uvigo.ei.aibench.SplashFrame -
				Loaded merlin-settings   [version 4.0.3]
2020 jul 15 15:20:05 [main] handlePluginEngineEvent INFO  es.uvigo.ei.aibench.SplashFrame -
				Loaded merlin-transyt   [version 4.0.4]
2020 jul 15 15:20:07 [AWT-EventQueue-0] putItemInSlot WARN  e.u.ei.aibench.workbench.MainWindow -
				slot not found to place some component: bottom
2020 jul 15 15:20:34 [AWT-EventQueue-0] info INFO  e.u.ei.aibench.workbench.Workbench -
				Files already manually imported
2020 jul 15 15:50:23 [AWT-EventQueue-0] error ERROR e.u.ei.aibench.workbench.Workbench -
				java.lang.NullPointerException
2020 jul 15 16:09:34 [AWT-EventQueue-0] error ERROR e.u.ei.aibench.workbench.Workbench -
				java.lang.NullPointerException
2020 jul 15 16:10:50 [AWT-EventQueue-0] error ERROR e.u.ei.aibench.workbench.Workbench -
				java.lang.NullPointerException
2020 jul 15 16:11:32 [AWT-EventQueue-0] error ERROR e.u.ei.aibench.workbench.Workbench -
				java.lang.NullPointerException
2020 jul 15 16:12:02 [AWT-EventQueue-0] error ERROR e.u.ei.aibench.workbench.Workbench -
				java.lang.NullPointerException
