2020 May 26 12:18:18 [main] handlePluginEngineEvent INFO  es.uvigo.ei.aibench.SplashFrame - Loaded AIBench Core   [version 2.10.2]
2020 May 26 12:18:18 [main] handlePluginEngineEvent INFO  es.uvigo.ei.aibench.SplashFrame - Loaded AIBench Plugin Manager   [version 2.10.2]
2020 May 26 12:18:18 [main] handlePluginEngineEvent INFO  es.uvigo.ei.aibench.SplashFrame - Loaded AIBench Workbench   [version 2.10.2]
2020 May 26 12:18:18 [main] handlePluginEngineEvent INFO  es.uvigo.ei.aibench.SplashFrame - Loaded merlin-automatic-annotation   [version 4.0.3]
2020 May 26 12:18:18 [main] handlePluginEngineEvent INFO  es.uvigo.ei.aibench.SplashFrame - Loaded merlin-biocoiso   [version 4.0.3]
2020 May 26 12:18:18 [main] handlePluginEngineEvent INFO  es.uvigo.ei.aibench.SplashFrame - Loaded merlin-biomass   [version 4.0.3]
2020 May 26 12:18:18 [main] handlePluginEngineEvent INFO  es.uvigo.ei.aibench.SplashFrame - Loaded merlin-compartments   [version 4.0.3]
2020 May 26 12:18:18 [main] handlePluginEngineEvent INFO  es.uvigo.ei.aibench.SplashFrame - Loaded merlin-exporter   [version 4.0.3]
2020 May 26 12:18:18 [main] handlePluginEngineEvent INFO  es.uvigo.ei.aibench.SplashFrame - Loaded merlin-gpr   [version 4.0.3]
2020 May 26 12:18:18 [main] handlePluginEngineEvent INFO  es.uvigo.ei.aibench.SplashFrame - Loaded merlin-gui   [version 4.0.3]
2020 May 26 12:18:18 [main] handlePluginEngineEvent INFO  es.uvigo.ei.aibench.SplashFrame - Loaded merlin-interpro   [version 4.0.3]
2020 May 26 12:18:18 [main] handlePluginEngineEvent INFO  es.uvigo.ei.aibench.SplashFrame - Loaded merlin-sampler   [version 4.0.3]
2020 May 26 12:18:18 [main] handlePluginEngineEvent INFO  es.uvigo.ei.aibench.SplashFrame - Loaded merlin-settings   [version 4.0.3]
2020 May 26 12:18:18 [main] handlePluginEngineEvent INFO  es.uvigo.ei.aibench.SplashFrame - Loaded merlin-transyt   [version 4.0.3]
2020 May 26 12:18:20 [AWT-EventQueue-0] putItemInSlot WARN  e.u.ei.aibench.workbench.MainWindow - slot not found to place some component: bottom
2020 May 26 12:18:46 [AWT-EventQueue-0] getPropertyDescriptors WARN  e.u.e.a.workbench.MonitorizeDialog - Warning: progress bean property progress does not have a write method associated so it probably can't be updated
2020 May 26 12:18:46 [AWT-EventQueue-0] getPropertyDescriptors WARN  e.u.e.a.workbench.MonitorizeDialog - Warning: progress bean property task does not have a write method associated so it probably can't be updated
2020 May 26 12:18:46 [AWT-EventQueue-0] getPropertyDescriptors WARN  e.u.e.a.workbench.MonitorizeDialog - Warning: progress bean property time does not have a write method associated so it probably can't be updated
2020 May 26 12:18:46 [Thread-22] checkMembraneCompartment WARN  p.u.c.b.m.c.i.ModelCompartmentsIntegrationOperation - No membrane compartmentID defined!
2020 May 26 12:18:46 [Thread-21] backupWorkspaceFolder INFO  p.u.c.b.m.c.i.ModelCompartmentsIntegrationOperation - Copying workspace folder files...
2020 May 26 12:18:46 [Thread-21] initCloning INFO  p.u.c.b.m.c.i.ModelCompartmentsIntegrationOperation - exporting database to temporary files...
2020 May 26 12:19:08 [Thread-21] error ERROR e.u.ei.aibench.workbench.Workbench - java.lang.IllegalArgumentException: Error while cloning the workspace.
2020 May 26 12:22:17 [AWT-EventQueue-0] getPropertyDescriptors WARN  e.u.e.a.workbench.MonitorizeDialog - Warning: progress bean property progress does not have a write method associated so it probably can't be updated
2020 May 26 12:22:17 [AWT-EventQueue-0] getPropertyDescriptors WARN  e.u.e.a.workbench.MonitorizeDialog - Warning: progress bean property task does not have a write method associated so it probably can't be updated
2020 May 26 12:22:17 [AWT-EventQueue-0] getPropertyDescriptors WARN  e.u.e.a.workbench.MonitorizeDialog - Warning: progress bean property time does not have a write method associated so it probably can't be updated
2020 May 26 12:22:17 [Thread-21] checkMembraneCompartment WARN  p.u.c.b.m.c.i.ModelCompartmentsIntegrationOperation - No membrane compartmentID defined!
2020 May 26 12:22:18 [Thread-20] backupWorkspaceFolder INFO  p.u.c.b.m.c.i.ModelCompartmentsIntegrationOperation - Copying workspace folder files...
2020 May 26 12:22:18 [Thread-20] initCloning INFO  p.u.c.b.m.c.i.ModelCompartmentsIntegrationOperation - exporting database to temporary files...
2020 May 26 12:22:32 [Thread-20] error ERROR e.u.ei.aibench.workbench.Workbench - java.lang.IllegalArgumentException: Error while cloning the workspace.
2020 May 26 12:24:04 [AWT-EventQueue-0] getPropertyDescriptors WARN  e.u.e.a.workbench.MonitorizeDialog - Warning: progress bean property progress does not have a write method associated so it probably can't be updated
2020 May 26 12:24:04 [AWT-EventQueue-0] getPropertyDescriptors WARN  e.u.e.a.workbench.MonitorizeDialog - Warning: progress bean property task does not have a write method associated so it probably can't be updated
2020 May 26 12:24:04 [AWT-EventQueue-0] getPropertyDescriptors WARN  e.u.e.a.workbench.MonitorizeDialog - Warning: progress bean property time does not have a write method associated so it probably can't be updated
2020 May 26 12:24:04 [Thread-20] checkMembraneCompartment WARN  p.u.c.b.m.c.i.ModelCompartmentsIntegrationOperation - No membrane compartmentID defined!
2020 May 26 12:24:05 [Thread-25] backupWorkspaceFolder INFO  p.u.c.b.m.c.i.ModelCompartmentsIntegrationOperation - Copying workspace folder files...
2020 May 26 12:24:05 [Thread-25] initCloning INFO  p.u.c.b.m.c.i.ModelCompartmentsIntegrationOperation - exporting database to temporary files...
2020 May 26 12:25:33 [Thread-25] importWorkspaceFolder INFO  p.u.c.b.m.c.i.ModelCompartmentsIntegrationOperation - Starting the ws folder files import...
2020 May 26 12:25:41 [Thread-25] error ERROR e.u.ei.aibench.workbench.Workbench - java.lang.NullPointerException
2020 May 26 12:25:48 [Thread-25] error ERROR e.u.ei.aibench.workbench.Workbench - gene data for integration unavailable!
2020 May 26 12:27:14 [AWT-EventQueue-0] getPropertyDescriptors WARN  e.u.e.a.workbench.MonitorizeDialog - Warning: progress bean property progress does not have a write method associated so it probably can't be updated
2020 May 26 12:27:14 [AWT-EventQueue-0] getPropertyDescriptors WARN  e.u.e.a.workbench.MonitorizeDialog - Warning: progress bean property task does not have a write method associated so it probably can't be updated
2020 May 26 12:27:14 [AWT-EventQueue-0] getPropertyDescriptors WARN  e.u.e.a.workbench.MonitorizeDialog - Warning: progress bean property time does not have a write method associated so it probably can't be updated
2020 May 26 12:27:14 [Thread-25] checkMembraneCompartment WARN  p.u.c.b.m.c.i.ModelCompartmentsIntegrationOperation - No membrane compartmentID defined!
2020 May 26 12:27:15 [Thread-22] backupWorkspaceFolder INFO  p.u.c.b.m.c.i.ModelCompartmentsIntegrationOperation - Copying workspace folder files...
2020 May 26 12:27:15 [Thread-22] initCloning INFO  p.u.c.b.m.c.i.ModelCompartmentsIntegrationOperation - exporting database to temporary files...
2020 May 26 12:27:32 [Thread-22] importWorkspaceFolder INFO  p.u.c.b.m.c.i.ModelCompartmentsIntegrationOperation - Starting the ws folder files import...
2020 May 26 12:27:38 [Thread-22] error ERROR e.u.ei.aibench.workbench.Workbench - java.lang.NullPointerException
2020 May 26 12:27:44 [Thread-22] error ERROR e.u.ei.aibench.workbench.Workbench - gene data for integration unavailable!
2020 May 26 12:28:40 [AWT-EventQueue-0] getPropertyDescriptors WARN  e.u.e.a.workbench.MonitorizeDialog - Warning: progress bean property progress does not have a write method associated so it probably can't be updated
2020 May 26 12:28:40 [AWT-EventQueue-0] getPropertyDescriptors WARN  e.u.e.a.workbench.MonitorizeDialog - Warning: progress bean property task does not have a write method associated so it probably can't be updated
2020 May 26 12:28:40 [AWT-EventQueue-0] getPropertyDescriptors WARN  e.u.e.a.workbench.MonitorizeDialog - Warning: progress bean property time does not have a write method associated so it probably can't be updated
2020 May 26 12:28:40 [Thread-22] checkMembraneCompartment WARN  p.u.c.b.m.c.i.ModelCompartmentsIntegrationOperation - No membrane compartmentID defined!
2020 May 26 12:28:40 [Thread-20] error ERROR e.u.ei.aibench.workbench.Workbench - java.lang.Exception: That workspace name is already in use, please enter a different one!
2020 May 26 12:28:59 [AWT-EventQueue-0] getPropertyDescriptors WARN  e.u.e.a.workbench.MonitorizeDialog - Warning: progress bean property progress does not have a write method associated so it probably can't be updated
2020 May 26 12:28:59 [AWT-EventQueue-0] getPropertyDescriptors WARN  e.u.e.a.workbench.MonitorizeDialog - Warning: progress bean property task does not have a write method associated so it probably can't be updated
2020 May 26 12:28:59 [AWT-EventQueue-0] getPropertyDescriptors WARN  e.u.e.a.workbench.MonitorizeDialog - Warning: progress bean property time does not have a write method associated so it probably can't be updated
2020 May 26 12:28:59 [Thread-20] checkMembraneCompartment WARN  p.u.c.b.m.c.i.ModelCompartmentsIntegrationOperation - No membrane compartmentID defined!
2020 May 26 12:28:59 [Thread-21] backupWorkspaceFolder INFO  p.u.c.b.m.c.i.ModelCompartmentsIntegrationOperation - Copying workspace folder files...
2020 May 26 12:28:59 [Thread-21] initCloning INFO  p.u.c.b.m.c.i.ModelCompartmentsIntegrationOperation - exporting database to temporary files...
2020 May 26 12:29:16 [Thread-21] importWorkspaceFolder INFO  p.u.c.b.m.c.i.ModelCompartmentsIntegrationOperation - Starting the ws folder files import...
2020 May 26 12:29:22 [Thread-21] error ERROR e.u.ei.aibench.workbench.Workbench - java.lang.NullPointerException
2020 May 26 12:29:33 [Thread-21] error ERROR e.u.ei.aibench.workbench.Workbench - gene data for integration unavailable!
2020 May 26 12:30:12 [AWT-EventQueue-0] getPropertyDescriptors WARN  e.u.e.a.workbench.MonitorizeDialog - Warning: progress bean property progress does not have a write method associated so it probably can't be updated
2020 May 26 12:30:12 [AWT-EventQueue-0] getPropertyDescriptors WARN  e.u.e.a.workbench.MonitorizeDialog - Warning: progress bean property task does not have a write method associated so it probably can't be updated
2020 May 26 12:30:12 [AWT-EventQueue-0] getPropertyDescriptors WARN  e.u.e.a.workbench.MonitorizeDialog - Warning: progress bean property time does not have a write method associated so it probably can't be updated
2020 May 26 12:30:12 [Thread-21] checkMembraneCompartment WARN  p.u.c.b.m.c.i.ModelCompartmentsIntegrationOperation - No membrane compartmentID defined!
2020 May 26 12:30:12 [Thread-25] backupWorkspaceFolder INFO  p.u.c.b.m.c.i.ModelCompartmentsIntegrationOperation - Copying workspace folder files...
2020 May 26 12:30:12 [Thread-25] initCloning INFO  p.u.c.b.m.c.i.ModelCompartmentsIntegrationOperation - exporting database to temporary files...
2020 May 26 12:30:24 [Thread-25] importWorkspaceFolder INFO  p.u.c.b.m.c.i.ModelCompartmentsIntegrationOperation - Starting the ws folder files import...
