2020 Jun 22 16:03:40 [main] handlePluginEngineEvent INFO  es.uvigo.ei.aibench.SplashFrame - Loaded merlin-addons   [version 4.0.3]
2020 Jun 22 16:03:40 [main] handlePluginEngineEvent INFO  es.uvigo.ei.aibench.SplashFrame - Loaded AIBench Core   [version 2.10.2]
2020 Jun 22 16:03:40 [main] handlePluginEngineEvent INFO  es.uvigo.ei.aibench.SplashFrame - Loaded AIBench Plugin Manager   [version 2.10.2]
2020 Jun 22 16:03:40 [main] handlePluginEngineEvent INFO  es.uvigo.ei.aibench.SplashFrame - Loaded AIBench Workbench   [version 2.10.2]
2020 Jun 22 16:03:40 [main] handlePluginEngineEvent INFO  es.uvigo.ei.aibench.SplashFrame - Loaded merlin-automatic-annotation   [version 4.0.3]
2020 Jun 22 16:03:40 [main] handlePluginEngineEvent INFO  es.uvigo.ei.aibench.SplashFrame - Loaded merlin-biocoiso   [version 4.0.3]
2020 Jun 22 16:03:40 [main] handlePluginEngineEvent INFO  es.uvigo.ei.aibench.SplashFrame - Loaded merlin-biomass   [version 4.0.3]
2020 Jun 22 16:03:40 [main] handlePluginEngineEvent INFO  es.uvigo.ei.aibench.SplashFrame - Loaded merlin-compartments   [version 4.0.3]
2020 Jun 22 16:03:40 [main] handlePluginEngineEvent INFO  es.uvigo.ei.aibench.SplashFrame - Loaded merlin-exporter   [version 4.0.3]
2020 Jun 22 16:03:40 [main] handlePluginEngineEvent INFO  es.uvigo.ei.aibench.SplashFrame - Loaded merlin-gpr   [version 4.0.3]
2020 Jun 22 16:03:40 [main] handlePluginEngineEvent INFO  es.uvigo.ei.aibench.SplashFrame - Loaded merlin-gui   [version 4.0.3]
2020 Jun 22 16:03:40 [main] handlePluginEngineEvent INFO  es.uvigo.ei.aibench.SplashFrame - Loaded merlin-interpro   [version 4.0.3]
2020 Jun 22 16:03:40 [main] handlePluginEngineEvent INFO  es.uvigo.ei.aibench.SplashFrame - Loaded merlin-sampler   [version 4.0.3]
2020 Jun 22 16:03:40 [main] handlePluginEngineEvent INFO  es.uvigo.ei.aibench.SplashFrame - Loaded merlin-settings   [version 4.0.3]
2020 Jun 22 16:03:40 [main] handlePluginEngineEvent INFO  es.uvigo.ei.aibench.SplashFrame - Loaded merlin-transyt   [version 4.0.3]
2020 Jun 22 16:03:41 [AWT-EventQueue-0] putItemInSlot WARN  e.u.ei.aibench.workbench.MainWindow - slot not found to place some component: bottom
2020 Jun 22 16:04:06 [AWT-EventQueue-0] info INFO  e.u.ei.aibench.workbench.Workbench - Files already manually imported
2020 Jun 22 16:04:25 [AWT-EventQueue-0] getPropertyDescriptors WARN  e.u.e.a.workbench.MonitorizeDialog - Warning: progress bean property progress does not have a write method associated so it probably can't be updated
2020 Jun 22 16:04:25 [AWT-EventQueue-0] getPropertyDescriptors WARN  e.u.e.a.workbench.MonitorizeDialog - Warning: progress bean property task does not have a write method associated so it probably can't be updated
2020 Jun 22 16:04:25 [AWT-EventQueue-0] getPropertyDescriptors WARN  e.u.e.a.workbench.MonitorizeDialog - Warning: progress bean property time does not have a write method associated so it probably can't be updated
2020 Jun 22 16:04:29 [Thread-25] runIdentification INFO  p.u.c.b.m.g.r.c.IdentifyGenomeSubunits - Reference taxonomy set to [Bacteria, Proteobacteria, Gammaproteobacteria, Enterobacterales, Enterobacteriaceae, Escherichia, Escherichia coli, Escherichia coli K-12]
2020 Jun 22 16:04:29 [Thread-25] configure INFO  o.a.j.e.c.CompositeCacheManager - Creating cache manager from config file: /cache.ccf
2020 Jun 22 16:04:29 [Thread-25] loadConfig INFO  o.a.j.u.threadpool.ThreadPoolManager - thread_pool.default PoolConfiguration = useBoundary = [true] boundarySize = [2000] maximumPoolSize = [150] minimumPoolSize = [4] keepAliveTime = [300000] whenBlockedPolicy = [RUN] startUpSize = [4]
2020 Jun 22 16:04:29 [Thread-25] setDefaultAuxValues INFO  o.a.j.e.c.CompositeCacheConfigurator - Setting default auxiliaries to DC
2020 Jun 22 16:04:29 [Thread-25] setDefaultCompositeCacheAttributes INFO  o.a.j.e.c.CompositeCacheConfigurator - setting defaultCompositeCacheAttributes to [ useLateral = true, useRemote = true, useDisk = true, maxObjs = 100000, maxSpoolPerRun = -1, diskUsagePattern = 0 ]
2020 Jun 22 16:04:29 [Thread-25] parseElementAttributes INFO  o.a.j.e.c.CompositeCacheConfigurator - No special ElementAttribute class defined for key [jcs.default.elementattributes], using default class.
2020 Jun 22 16:04:29 [Thread-25] setDefaultElementAttributes INFO  o.a.j.e.c.CompositeCacheConfigurator - setting defaultElementAttributes to [ IS_LATERAL = true, IS_SPOOL = true, IS_REMOTE = true, IS_ETERNAL = true, MaxLifeSeconds = -1, IdleTime = -1, CreateTime = 1592838269559, LastAccessTime = 1592838269559, getTimeToLiveSeconds() = -1, createTime = 1592838269559 ]
2020 Jun 22 16:04:29 [Thread-25] parseElementAttributes INFO  o.a.j.e.c.CompositeCacheConfigurator - No special ElementAttribute class defined for key [jcs.region.KEGG_API.elementattributes], using default class.
2020 Jun 22 16:04:29 [Thread-25] initialize INFO  o.a.j.e.memory.lru.LRUMemoryCache - initialized LRUMemoryCache for KEGG_API
2020 Jun 22 16:04:29 [Thread-25] <init> INFO  o.a.j.engine.control.CompositeCache - Constructed cache with name [KEGG_API] and cache attributes [ useLateral = true, useRemote = true, useDisk = true, maxObjs = 100000, maxSpoolPerRun = 500, diskUsagePattern = 0 ]
2020 Jun 22 16:04:29 [Thread-25] <init> INFO  o.a.j.a.d.indexed.IndexedDiskCache - Region [KEGG_API] Cache file root directory: ./cache
2020 Jun 22 16:04:29 [Thread-25] initKeyMap INFO  o.a.j.a.d.indexed.IndexedDiskCache - Region [KEGG_API] Set maxKeySize to: '100000000'
2020 Jun 22 16:04:29 [Thread-25] <init> INFO  o.a.j.a.d.indexed.IndexedDiskCache - Region [KEGG_API] Indexed Disk Cache is alive.
2020 Jun 22 16:04:29 [Thread-25] parseRegions INFO  o.a.j.e.c.CompositeCacheConfigurator - Parsed regions [KEGG_API]
2020 Jun 22 16:04:29 [Thread-25] doConfigure INFO  o.a.j.e.c.CompositeCacheConfigurator - Finished configuration in 83 ms.
2020 Jun 22 16:04:32 [Thread-25] runIdentification INFO  p.u.c.b.m.g.r.c.IdentifyGenomeSubunits - Iterator size: 19, entries [1.1.1.44, 3.6.1.8, 2.7.1.11, 5.4.99.18, 3.1.1.31, 4.2.1.2, 1.1.5.2, 1.1.1.49, 2.4.2.8, 4.1.3.16, 4.1.2.14, 1.1.1.37, 5.3.2.2, 2.7.2.2, 6.3.4.18, 2.2.1.2, 4.2.1.12, 3.2.1.86, 2.7.1.40]
2020 Jun 22 16:04:32 [Thread-25] runIdentification INFO  p.u.c.b.m.g.r.c.IdentifyGenomeSubunits - Retrieving GPR for 1.1.1.44 ...
2020 Jun 22 16:04:36 [Thread-25] getdefinition INFO  p.u.c.b.m.gpr.rules.core.AssembleGPR - M00004	Pathway	[[K13937, K00036, K19243], [K13937, K01057, K07404], [K00033], [K01783], [K01807, K01808], [K00615], [K00616], [K01810, K06859, K13810, K15916]] 
2020 Jun 22 16:04:36 [Thread-25] getFinalRule INFO  p.u.c.b.m.gpr.rules.core.AssembleGPR - GPR RULE:	 [GeneAssociation [genes=[K00033], modules={M00004=ModuleCI [module=M00004, moduleType=Pathway, definition=(K13937,((K00036,K19243) (K01057,K07404))) K00033 K01783 (K01807,K01808) K00615 K00616 (K01810,K06859,K13810,K15916), name=Pentose phosphate pathway (Pentose phosphate cycle), pathways=[00030, 01100, 01120, 01200]]}]]
2020 Jun 22 16:04:37 [Thread-25] getdefinition INFO  p.u.c.b.m.gpr.rules.core.AssembleGPR - M00006	Pathway	[[K13937, K00036, K19243], [K13937, K01057, K07404], [K00033]] 
2020 Jun 22 16:04:37 [Thread-25] getFinalRule INFO  p.u.c.b.m.gpr.rules.core.AssembleGPR - GPR RULE:	 [GeneAssociation [genes=[K00033], modules={M00006=ModuleCI [module=M00006, moduleType=Pathway, definition=(K13937,((K00036,K19243) (K01057,K07404))) K00033, name=Pentose phosphate pathway, oxidative phase, glucose 6P => ribulose 5P, pathways=[00030, 01100, 01120, 01200]]}]]
2020 Jun 22 16:04:37 [Thread-25] runIdentification INFO  p.u.c.b.m.g.r.c.IdentifyGenomeSubunits - Retrieved!
2020 Jun 22 16:04:38 [Thread-25] runIdentification INFO  p.u.c.b.m.g.r.c.IdentifyGenomeSubunits - Genes, KO, modules 	{K00033=[1, 2]}
2020 Jun 22 16:05:17 [AWT-EventQueue-0] warn WARN  e.u.ei.aibench.workbench.Workbench - please select a row.
2020 Jun 22 16:05:20 [Thread-21] warn WARN  e.u.ei.aibench.workbench.Workbench - nothing found
2020 Jun 22 16:05:20 [AWT-EventQueue-0] getPropertyDescriptors WARN  e.u.e.a.workbench.MonitorizeDialog - Warning: progress bean property progress does not have a write method associated so it probably can't be updated
2020 Jun 22 16:05:20 [AWT-EventQueue-0] getPropertyDescriptors WARN  e.u.e.a.workbench.MonitorizeDialog - Warning: progress bean property task does not have a write method associated so it probably can't be updated
2020 Jun 22 16:05:20 [AWT-EventQueue-0] getPropertyDescriptors WARN  e.u.e.a.workbench.MonitorizeDialog - Warning: progress bean property time does not have a write method associated so it probably can't be updated
2020 Jun 22 16:06:24 [Thread-25] runIdentification INFO  p.u.c.b.m.g.r.c.IdentifyGenomeSubunits - Orthologs to be searched in genome:	1	[eco:b2029]
2020 Jun 22 16:06:24 [Thread-25] run_OrthologGapsSearch INFO  p.u.c.b.m.a.core.RunSimilaritySearch - Writting query sequences temporary fasta files... 
2020 Jun 22 16:06:24 [Thread-25] run_OrthologGapsSearch INFO  p.u.c.b.m.a.core.RunSimilaritySearch - Starting Blast homology searches... 
2020 Jun 22 16:06:24 [Thread-34] run INFO  p.u.c.b.m.a.c.M.BlastAlignment - BLAST search completed with success!
2020 Jun 22 16:06:26 [Thread-25] runIdentification INFO  p.u.c.b.m.g.r.c.IdentifyGenomeSubunits - Retrieving GPR for 3.6.1.8 ...
2020 Jun 22 16:06:30 [Thread-25] runIdentification INFO  p.u.c.b.m.g.r.c.IdentifyGenomeSubunits - Retrieved!
2020 Jun 22 16:06:30 [Thread-25] runIdentification INFO  p.u.c.b.m.g.r.c.IdentifyGenomeSubunits - Genes, KO, modules 	{}
2020 Jun 22 16:06:30 [Thread-25] runIdentification INFO  p.u.c.b.m.g.r.c.IdentifyGenomeSubunits - Orthologs to be searched in genome:	0	[]
2020 Jun 22 16:06:30 [Thread-25] runIdentification INFO  p.u.c.b.m.g.r.c.IdentifyGenomeSubunits - Retrieving GPR for 2.7.1.11 ...
2020 Jun 22 16:06:39 [Thread-25] getdefinition INFO  p.u.c.b.m.gpr.rules.core.AssembleGPR - M00001	Pathway	[[K00844, K12407, K00845, K00886, K08074, K00918], [K01810, K06859, K13810, K15916], [K00850, K16370, K21071, K00918], [K01623, K01624, K11645, K16305, K16306], [K01803], [K00134, K00150], [K00927, K11389], [K01834, K15633, K15634, K15635], [K01689], [K00873, K12406]] 
2020 Jun 22 16:06:40 [Thread-25] getFinalRule INFO  p.u.c.b.m.gpr.rules.core.AssembleGPR - GPR RULE:	 [GeneAssociation [genes=[K00850], modules={M00001=ModuleCI [module=M00001, moduleType=Pathway, definition=(K00844,K12407,K00845,K00886,K08074,K00918) (K01810,K06859,K13810,K15916) (K00850,K16370,K21071,K00918) (K01623,K01624,K11645,K16305,K16306) K01803 ((K00134,K00150) K00927,K11389) (K01834,K15633,K15634,K15635) K01689 (K00873,K12406), name=Glycolysis (Embden-Meyerhof pathway), glucose => pyruvate, pathways=[00010, 01100, 01200]]}], GeneAssociation [genes=[K16370], modules={M00001=ModuleCI [module=M00001, moduleType=Pathway, definition=(K00844,K12407,K00845,K00886,K08074,K00918) (K01810,K06859,K13810,K15916) (K00850,K16370,K21071,K00918) (K01623,K01624,K11645,K16305,K16306) K01803 ((K00134,K00150) K00927,K11389) (K01834,K15633,K15634,K15635) K01689 (K00873,K12406), name=Glycolysis (Embden-Meyerhof pathway), glucose => pyruvate, pathways=[00010, 01100, 01200]]}], GeneAssociation [genes=[K21071], modules={M00001=ModuleCI [module=M00001, moduleType=Pathway, definition=(K00844,K12407,K00845,K00886,K08074,K00918) (K01810,K06859,K13810,K15916) (K00850,K16370,K21071,K00918) (K01623,K01624,K11645,K16305,K16306) K01803 ((K00134,K00150) K00927,K11389) (K01834,K15633,K15634,K15635) K01689 (K00873,K12406), name=Glycolysis (Embden-Meyerhof pathway), glucose => pyruvate, pathways=[00010, 01100, 01200]]}]]
2020 Jun 22 16:06:40 [Thread-25] getdefinition INFO  p.u.c.b.m.gpr.rules.core.AssembleGPR - M00345	Pathway	[[K08093, K13812, K13831], [K08094, K13831], [K00850, K16370], [K01624]] 
2020 Jun 22 16:06:40 [Thread-25] getFinalRule INFO  p.u.c.b.m.gpr.rules.core.AssembleGPR - GPR RULE:	 [GeneAssociation [genes=[K00850], modules={M00345=ModuleCI [module=M00345, moduleType=Pathway, definition=(((K08093,K13812) K08094),K13831) (K00850,K16370) K01624, name=Formaldehyde assimilation, ribulose monophosphate pathway, pathways=[00030, 00680, 01100, 01120, 01200, 01230]]}], GeneAssociation [genes=[K16370], modules={M00345=ModuleCI [module=M00345, moduleType=Pathway, definition=(((K08093,K13812) K08094),K13831) (K00850,K16370) K01624, name=Formaldehyde assimilation, ribulose monophosphate pathway, pathways=[00030, 00680, 01100, 01120, 01200, 01230]]}]]
2020 Jun 22 16:06:46 [Thread-25] getdefinition INFO  p.u.c.b.m.gpr.rules.core.AssembleGPR - M00345	Pathway	[[K08093, K13812, K13831], [K08094, K13831], [K00850, K16370], [K01624]] 
2020 Jun 22 16:06:47 [Thread-25] getFinalRule INFO  p.u.c.b.m.gpr.rules.core.AssembleGPR - GPR RULE:	 [GeneAssociation [genes=[K00850], modules={M00345=ModuleCI [module=M00345, moduleType=Pathway, definition=(((K08093,K13812) K08094),K13831) (K00850,K16370) K01624, name=Formaldehyde assimilation, ribulose monophosphate pathway, pathways=[00030, 00680, 01100, 01120, 01200, 01230]]}], GeneAssociation [genes=[K16370], modules={M00345=ModuleCI [module=M00345, moduleType=Pathway, definition=(((K08093,K13812) K08094),K13831) (K00850,K16370) K01624, name=Formaldehyde assimilation, ribulose monophosphate pathway, pathways=[00030, 00680, 01100, 01120, 01200, 01230]]}]]
2020 Jun 22 16:06:47 [Thread-25] runIdentification INFO  p.u.c.b.m.g.r.c.IdentifyGenomeSubunits - Retrieved!
2020 Jun 22 16:06:47 [Thread-25] runIdentification INFO  p.u.c.b.m.g.r.c.IdentifyGenomeSubunits - Genes, KO, modules 	{K21071=[3], K16370=[3, 4, 5], K00850=[3, 4, 5]}
2020 Jun 22 16:09:07 [Thread-25] runIdentification INFO  p.u.c.b.m.g.r.c.IdentifyGenomeSubunits - Orthologs to be searched in genome:	3	[ebi:EbC_37860, eco:b3916, eco:b1723]
2020 Jun 22 16:09:07 [Thread-25] run_OrthologGapsSearch INFO  p.u.c.b.m.a.core.RunSimilaritySearch - Writting query sequences temporary fasta files... 
2020 Jun 22 16:09:07 [Thread-25] run_OrthologGapsSearch INFO  p.u.c.b.m.a.core.RunSimilaritySearch - Starting Blast homology searches... 
2020 Jun 22 16:09:07 [Thread-35] run INFO  p.u.c.b.m.a.c.M.BlastAlignment - BLAST search completed with success!
2020 Jun 22 16:09:07 [Thread-36] run INFO  p.u.c.b.m.a.c.M.BlastAlignment - BLAST search completed with success!
2020 Jun 22 16:09:07 [Thread-37] run INFO  p.u.c.b.m.a.c.M.BlastAlignment - BLAST search completed with success!
2020 Jun 22 16:09:08 [Thread-25] run_OrthologGapsSearch INFO  p.u.c.b.m.a.core.RunSimilaritySearch - Writting query sequences temporary fasta files... 
2020 Jun 22 16:09:08 [Thread-25] run_OrthologGapsSearch INFO  p.u.c.b.m.a.core.RunSimilaritySearch - Starting Blast homology searches... 
2020 Jun 22 16:09:08 [Thread-38] run INFO  p.u.c.b.m.a.c.M.BlastAlignment - BLAST search completed with success!
2020 Jun 22 16:09:10 [Thread-25] runIdentification INFO  p.u.c.b.m.g.r.c.IdentifyGenomeSubunits - Retrieving GPR for 5.4.99.18 ...
2020 Jun 22 16:09:13 [Thread-25] runIdentification INFO  p.u.c.b.m.g.r.c.IdentifyGenomeSubunits - Retrieved!
2020 Jun 22 16:09:13 [Thread-25] runIdentification INFO  p.u.c.b.m.g.r.c.IdentifyGenomeSubunits - Genes, KO, modules 	{}
2020 Jun 22 16:09:13 [Thread-25] runIdentification INFO  p.u.c.b.m.g.r.c.IdentifyGenomeSubunits - Orthologs to be searched in genome:	0	[]
2020 Jun 22 16:09:13 [Thread-25] runIdentification INFO  p.u.c.b.m.g.r.c.IdentifyGenomeSubunits - Retrieving GPR for 3.1.1.31 ...
2020 Jun 22 16:09:18 [Thread-25] getdefinition INFO  p.u.c.b.m.gpr.rules.core.AssembleGPR - M00008	Pathway	[[K00036], [K01057, K07404], [K01690], [K01625]] 
2020 Jun 22 16:09:19 [Thread-25] getFinalRule INFO  p.u.c.b.m.gpr.rules.core.AssembleGPR - GPR RULE:	 [GeneAssociation [genes=[K01057], modules={M00008=ModuleCI [module=M00008, moduleType=Pathway, definition=K00036 (K01057,K07404) K01690 K01625, name=Entner-Doudoroff pathway, glucose-6P => glyceraldehyde-3P + pyruvate, pathways=[00030, 01100, 01120, 01200]]}], GeneAssociation [genes=[K07404], modules={M00008=ModuleCI [module=M00008, moduleType=Pathway, definition=K00036 (K01057,K07404) K01690 K01625, name=Entner-Doudoroff pathway, glucose-6P => glyceraldehyde-3P + pyruvate, pathways=[00030, 01100, 01120, 01200]]}]]
2020 Jun 22 16:09:19 [Thread-25] runIdentification INFO  p.u.c.b.m.g.r.c.IdentifyGenomeSubunits - Retrieved!
2020 Jun 22 16:09:19 [Thread-25] runIdentification INFO  p.u.c.b.m.g.r.c.IdentifyGenomeSubunits - Genes, KO, modules 	{K01057=[6], K07404=[6]}
2020 Jun 22 16:10:12 [Thread-20] warn WARN  e.u.ei.aibench.workbench.Workbench - nothing found
2020 Jun 22 16:10:47 [Thread-25] runIdentification INFO  p.u.c.b.m.g.r.c.IdentifyGenomeSubunits - Orthologs to be searched in genome:	2	[lpv:HYN51_02110, eco:b0767]
2020 Jun 22 16:10:47 [Thread-25] run_OrthologGapsSearch INFO  p.u.c.b.m.a.core.RunSimilaritySearch - Writting query sequences temporary fasta files... 
2020 Jun 22 16:10:47 [Thread-25] run_OrthologGapsSearch INFO  p.u.c.b.m.a.core.RunSimilaritySearch - Starting Blast homology searches... 
2020 Jun 22 16:10:47 [Thread-42] run INFO  p.u.c.b.m.a.c.M.BlastAlignment - BLAST search completed with success!
2020 Jun 22 16:10:47 [Thread-41] run INFO  p.u.c.b.m.a.c.M.BlastAlignment - BLAST search completed with success!
2020 Jun 22 16:10:48 [Thread-25] run_OrthologGapsSearch INFO  p.u.c.b.m.a.core.RunSimilaritySearch - Writting query sequences temporary fasta files... 
2020 Jun 22 16:10:48 [Thread-25] run_OrthologGapsSearch INFO  p.u.c.b.m.a.core.RunSimilaritySearch - Starting Blast homology searches... 
2020 Jun 22 16:10:48 [Thread-43] run INFO  p.u.c.b.m.a.c.M.BlastAlignment - BLAST search completed with success!
2020 Jun 22 16:10:49 [Thread-25] runIdentification INFO  p.u.c.b.m.g.r.c.IdentifyGenomeSubunits - Retrieving GPR for 4.2.1.2 ...
2020 Jun 22 16:10:52 [Thread-25] getdefinition INFO  p.u.c.b.m.gpr.rules.core.AssembleGPR - M00009	Pathway	[[K01647, K05942], [K01681, K01682], [K00031, K00030], [K00164+K00658+K00382, K00174+K00175-K00177-K00176], [K01902+K01903, K01899+K01900, K18118], [K00234+K00235+K00236+K00237, K00239+K00240+K00241-K00242, K00239+K00240+K00241-K18859, K00239+K00240+K00241-K18860, K00244+K00245+K00246-K00247], [K01676, K01679, K01677+K01678], [K00026, K00025, K00024, K00116]] 
2020 Jun 22 16:10:53 [Thread-25] getFinalRule INFO  p.u.c.b.m.gpr.rules.core.AssembleGPR - GPR RULE:	 [GeneAssociation [genes=[K01676], modules={M00009=ModuleCI [module=M00009, moduleType=Pathway, definition=(K01647,K05942) (K01681,K01682) (K00031,K00030) (K00164+K00658+K00382,K00174+K00175-K00177-K00176) (K01902+K01903,K01899+K01900,K18118) (K00234+K00235+K00236+K00237,K00239+K00240+K00241-(K00242,K18859,K18860),K00244+K00245+K00246-K00247) (K01676,K01679,K01677+K01678) (K00026,K00025,K00024,K00116), name=Citrate cycle (TCA cycle, Krebs cycle), pathways=[00020, 01100, 01200]]}], GeneAssociation [genes=[K01679], modules={M00009=ModuleCI [module=M00009, moduleType=Pathway, definition=(K01647,K05942) (K01681,K01682) (K00031,K00030) (K00164+K00658+K00382,K00174+K00175-K00177-K00176) (K01902+K01903,K01899+K01900,K18118) (K00234+K00235+K00236+K00237,K00239+K00240+K00241-(K00242,K18859,K18860),K00244+K00245+K00246-K00247) (K01676,K01679,K01677+K01678) (K00026,K00025,K00024,K00116), name=Citrate cycle (TCA cycle, Krebs cycle), pathways=[00020, 01100, 01200]]}], GeneAssociation [genes=[K01677, K01678], modules={M00009=ModuleCI [module=M00009, moduleType=Pathway, definition=(K01647,K05942) (K01681,K01682) (K00031,K00030) (K00164+K00658+K00382,K00174+K00175-K00177-K00176) (K01902+K01903,K01899+K01900,K18118) (K00234+K00235+K00236+K00237,K00239+K00240+K00241-(K00242,K18859,K18860),K00244+K00245+K00246-K00247) (K01676,K01679,K01677+K01678) (K00026,K00025,K00024,K00116), name=Citrate cycle (TCA cycle, Krebs cycle), pathways=[00020, 01100, 01200]]}]]
2020 Jun 22 16:10:54 [Thread-25] getdefinition INFO  p.u.c.b.m.gpr.rules.core.AssembleGPR - M00011	Pathway	[[K00164+K00658+K00382, K00174+K00175-K00177-K00176], [K01902+K01903, K01899+K01900, K18118], [K00234+K00235+K00236+K00237, K00239+K00240+K00241-K00242, K00239+K00240+K00241-K18859, K00239+K00240+K00241-K18860, K00244+K00245+K00246-K00247], [K01676, K01679, K01677+K01678], [K00026, K00025, K00024, K00116]] 
2020 Jun 22 16:10:54 [Thread-25] getFinalRule INFO  p.u.c.b.m.gpr.rules.core.AssembleGPR - GPR RULE:	 [GeneAssociation [genes=[K01676], modules={M00011=ModuleCI [module=M00011, moduleType=Pathway, definition=(K00164+K00658+K00382,K00174+K00175-K00177-K00176) (K01902+K01903,K01899+K01900,K18118) (K00234+K00235+K00236+K00237,K00239+K00240+K00241-(K00242,K18859,K18860),K00244+K00245+K00246-K00247) (K01676,K01679,K01677+K01678) (K00026,K00025,K00024,K00116), name=Citrate cycle, second carbon oxidation, 2-oxoglutarate => oxaloacetate, pathways=[00020, 01100, 01200]]}], GeneAssociation [genes=[K01679], modules={M00011=ModuleCI [module=M00011, moduleType=Pathway, definition=(K00164+K00658+K00382,K00174+K00175-K00177-K00176) (K01902+K01903,K01899+K01900,K18118) (K00234+K00235+K00236+K00237,K00239+K00240+K00241-(K00242,K18859,K18860),K00244+K00245+K00246-K00247) (K01676,K01679,K01677+K01678) (K00026,K00025,K00024,K00116), name=Citrate cycle, second carbon oxidation, 2-oxoglutarate => oxaloacetate, pathways=[00020, 01100, 01200]]}], GeneAssociation [genes=[K01677, K01678], modules={M00011=ModuleCI [module=M00011, moduleType=Pathway, definition=(K00164+K00658+K00382,K00174+K00175-K00177-K00176) (K01902+K01903,K01899+K01900,K18118) (K00234+K00235+K00236+K00237,K00239+K00240+K00241-(K00242,K18859,K18860),K00244+K00245+K00246-K00247) (K01676,K01679,K01677+K01678) (K00026,K00025,K00024,K00116), name=Citrate cycle, second carbon oxidation, 2-oxoglutarate => oxaloacetate, pathways=[00020, 01100, 01200]]}]]
2020 Jun 22 16:10:55 [Thread-25] getdefinition INFO  p.u.c.b.m.gpr.rules.core.AssembleGPR - M00173	Pathway	[[K00169+K00170+K00171+K00172, K03737], [K01007, K01006], [K01595, K01959+K01960, K01958], [K00024], [K01676, K01679, K01677+K01678], [K00239+K00240-K00241-K00242, K00244+K00245-K00246-K00247, K18556+K18557+K18558+K18559+K18560], [K01902+K01903], [K00174+K00175-K00177-K00176], [K00031], [K01681, K01682], [K15230+K15231, K15232+K15233], [K15234]] 
2020 Jun 22 16:10:55 [Thread-25] getFinalRule INFO  p.u.c.b.m.gpr.rules.core.AssembleGPR - GPR RULE:	 [GeneAssociation [genes=[K01676], modules={M00173=ModuleCI [module=M00173, moduleType=Pathway, definition=(K00169+K00170+K00171+K00172,K03737) ((K01007,K01006) K01595,K01959+K01960,K01958) K00024 (K01676,K01679,K01677+K01678) (K00239+K00240-K00241-K00242,K00244+K00245-K00246-K00247,K18556+K18557+K18558+K18559+K18560) (K01902+K01903) (K00174+K00175-K00177-K00176) K00031 (K01681,K01682) (K15230+K15231,K15232+K15233 K15234), name=Reductive citrate cycle (Arnon-Buchanan cycle), pathways=[00720, 01100, 01120, 01200]]}], GeneAssociation [genes=[K01679], modules={M00173=ModuleCI [module=M00173, moduleType=Pathway, definition=(K00169+K00170+K00171+K00172,K03737) ((K01007,K01006) K01595,K01959+K01960,K01958) K00024 (K01676,K01679,K01677+K01678) (K00239+K00240-K00241-K00242,K00244+K00245-K00246-K00247,K18556+K18557+K18558+K18559+K18560) (K01902+K01903) (K00174+K00175-K00177-K00176) K00031 (K01681,K01682) (K15230+K15231,K15232+K15233 K15234), name=Reductive citrate cycle (Arnon-Buchanan cycle), pathways=[00720, 01100, 01120, 01200]]}], GeneAssociation [genes=[K01677, K01678], modules={M00173=ModuleCI [module=M00173, moduleType=Pathway, definition=(K00169+K00170+K00171+K00172,K03737) ((K01007,K01006) K01595,K01959+K01960,K01958) K00024 (K01676,K01679,K01677+K01678) (K00239+K00240-K00241-K00242,K00244+K00245-K00246-K00247,K18556+K18557+K18558+K18559+K18560) (K01902+K01903) (K00174+K00175-K00177-K00176) K00031 (K01681,K01682) (K15230+K15231,K15232+K15233 K15234), name=Reductive citrate cycle (Arnon-Buchanan cycle), pathways=[00720, 01100, 01120, 01200]]}]]
2020 Jun 22 16:10:56 [Thread-25] getdefinition INFO  p.u.c.b.m.gpr.rules.core.AssembleGPR - M00374	Pathway	[[K00169+K00170+K00171+K00172], [K01007], [K01595], [K00024], [K01677+K01678], [K00239+K00240-K00241-K18860], [K01902+K01903], [K15038, K15017], [K14465], [K14467, K18861], [K14534], [K15016], [K00626]] 
2020 Jun 22 16:10:56 [Thread-25] getFinalRule INFO  p.u.c.b.m.gpr.rules.core.AssembleGPR - GPR RULE:	 [GeneAssociation [genes=[K01677, K01678], modules={M00374=ModuleCI [module=M00374, moduleType=Pathway, definition=(K00169+K00170+K00171+K00172) K01007 K01595 K00024 (K01677+K01678) (K00239+K00240-K00241-K18860) (K01902+K01903) (K15038,K15017) K14465 (K14467,K18861) K14534 K15016 K00626, name=Dicarboxylate-hydroxybutyrate cycle, pathways=[00720, 01100, 01120, 01200]]}]]
2020 Jun 22 16:10:56 [Thread-25] getdefinition INFO  p.u.c.b.m.gpr.rules.core.AssembleGPR - M00376	Pathway	[[K02160+K01961+K01962+K01963], [K14468], [K14469], [K15052], [K05606], [K01847, K01848+K01849], [K14471+K14472], [K00239+K00240+K00241], [K01679], [K08691], [K14449], [K14470], [K09709]] 
2020 Jun 22 16:10:57 [Thread-25] getFinalRule INFO  p.u.c.b.m.gpr.rules.core.AssembleGPR - GPR RULE:	 [GeneAssociation [genes=[K01679], modules={M00376=ModuleCI [module=M00376, moduleType=Pathway, definition=(K02160+K01961+K01962+K01963) K14468 K14469 K15052 K05606 (K01847,K01848+K01849) (K14471+K14472) (K00239+K00240+K00241) K01679
            K08691 K14449 K14470 K09709, name=3-Hydroxypropionate bi-cycle, pathways=[00720, 01100, 01120, 01200]]}]]
2020 Jun 22 16:10:57 [Thread-25] getdefinition INFO  p.u.c.b.m.gpr.rules.core.AssembleGPR - M00620	Pathway	[[K00169+K00170+K00171+K00172], [K01959+K01960], [K00024], [K01677+K01678], [K18209+K18210], [K01902+K01903], [K00174+K00175+K00176+K00177]] 
2020 Jun 22 16:10:58 [Thread-25] getFinalRule INFO  p.u.c.b.m.gpr.rules.core.AssembleGPR - GPR RULE:	 [GeneAssociation [genes=[K01677, K01678], modules={M00620=ModuleCI [module=M00620, moduleType=Pathway, definition=(K00169+K00170+K00171+K00172) (K01959+K01960) K00024 (K01677+K01678) (K18209+K18210) (K01902+K01903) (K00174+K00175+K00176+K00177), name=Incomplete reductive citrate cycle, acetyl-CoA => oxoglutarate, pathways=[00720, 01100, 01120, 01200]]}]]
2020 Jun 22 16:10:58 [Thread-25] runIdentification INFO  p.u.c.b.m.g.r.c.IdentifyGenomeSubunits - Retrieved!
2020 Jun 22 16:11:00 [Thread-25] runIdentification INFO  p.u.c.b.m.g.r.c.IdentifyGenomeSubunits - Genes, KO, modules 	{K01679=[7, 8, 9, 10], K01677=[7, 8, 9, 11, 12], K01678=[7, 8, 9, 11, 12], K01676=[7, 8, 9]}
2020 Jun 22 16:11:57 [AWT-EventQueue-0] getPropertyDescriptors WARN  e.u.e.a.workbench.MonitorizeDialog - Warning: progress bean property progress does not have a write method associated so it probably can't be updated
2020 Jun 22 16:11:57 [AWT-EventQueue-0] getPropertyDescriptors WARN  e.u.e.a.workbench.MonitorizeDialog - Warning: progress bean property task does not have a write method associated so it probably can't be updated
2020 Jun 22 16:11:57 [AWT-EventQueue-0] getPropertyDescriptors WARN  e.u.e.a.workbench.MonitorizeDialog - Warning: progress bean property time does not have a write method associated so it probably can't be updated
2020 Jun 22 16:12:23 [AWT-EventQueue-0] warn WARN  e.u.ei.aibench.workbench.Workbench - please select a row.
2020 Jun 22 16:13:06 [AWT-EventQueue-0] getPropertyDescriptors WARN  e.u.e.a.workbench.MonitorizeDialog - Warning: progress bean property progress does not have a write method associated so it probably can't be updated
2020 Jun 22 16:13:06 [AWT-EventQueue-0] getPropertyDescriptors WARN  e.u.e.a.workbench.MonitorizeDialog - Warning: progress bean property task does not have a write method associated so it probably can't be updated
2020 Jun 22 16:13:06 [AWT-EventQueue-0] getPropertyDescriptors WARN  e.u.e.a.workbench.MonitorizeDialog - Warning: progress bean property time does not have a write method associated so it probably can't be updated
2020 Jun 22 16:13:19 [Thread-25] runIdentification INFO  p.u.c.b.m.g.r.c.IdentifyGenomeSubunits - Orthologs to be searched in genome:	5	[eco:b1612, eco:b1611, eco:b4122, stm:STM0761, stm:STM0762]
2020 Jun 22 16:13:19 [Thread-25] run_OrthologGapsSearch INFO  p.u.c.b.m.a.core.RunSimilaritySearch - Writting query sequences temporary fasta files... 
2020 Jun 22 16:13:19 [Thread-25] run_OrthologGapsSearch INFO  p.u.c.b.m.a.core.RunSimilaritySearch - Starting Blast homology searches... 
2020 Jun 22 16:13:19 [Thread-51] run INFO  p.u.c.b.m.a.c.M.BlastAlignment - BLAST search completed with success!
2020 Jun 22 16:13:19 [Thread-48] run INFO  p.u.c.b.m.a.c.M.BlastAlignment - BLAST search completed with success!
2020 Jun 22 16:13:19 [Thread-52] run INFO  p.u.c.b.m.a.c.M.BlastAlignment - BLAST search completed with success!
2020 Jun 22 16:13:19 [Thread-49] run INFO  p.u.c.b.m.a.c.M.BlastAlignment - BLAST search completed with success!
2020 Jun 22 16:13:19 [Thread-50] run INFO  p.u.c.b.m.a.c.M.BlastAlignment - BLAST search completed with success!
2020 Jun 22 16:13:21 [Thread-25] runIdentification INFO  p.u.c.b.m.g.r.c.IdentifyGenomeSubunits - Retrieving GPR for 1.1.5.2 ...
2020 Jun 22 16:13:23 [Thread-25] runIdentification INFO  p.u.c.b.m.g.r.c.IdentifyGenomeSubunits - Retrieved!
2020 Jun 22 16:13:23 [Thread-25] runIdentification INFO  p.u.c.b.m.g.r.c.IdentifyGenomeSubunits - Genes, KO, modules 	{}
2020 Jun 22 16:13:23 [Thread-25] runIdentification INFO  p.u.c.b.m.g.r.c.IdentifyGenomeSubunits - Orthologs to be searched in genome:	0	[]
2020 Jun 22 16:13:23 [Thread-25] runIdentification INFO  p.u.c.b.m.g.r.c.IdentifyGenomeSubunits - Retrieving GPR for 1.1.1.49 ...
2020 Jun 22 16:13:29 [Thread-25] getdefinition INFO  p.u.c.b.m.gpr.rules.core.AssembleGPR - M00004	Pathway	[[K13937, K00036, K19243], [K13937, K01057, K07404], [K00033], [K01783], [K01807, K01808], [K00615], [K00616], [K01810, K06859, K13810, K15916]] 
2020 Jun 22 16:13:30 [Thread-25] getFinalRule INFO  p.u.c.b.m.gpr.rules.core.AssembleGPR - GPR RULE:	 [GeneAssociation [genes=[K00036], modules={M00004=ModuleCI [module=M00004, moduleType=Pathway, definition=(K13937,((K00036,K19243) (K01057,K07404))) K00033 K01783 (K01807,K01808) K00615 K00616 (K01810,K06859,K13810,K15916), name=Pentose phosphate pathway (Pentose phosphate cycle), pathways=[00030, 01100, 01120, 01200]]}]]
2020 Jun 22 16:13:30 [Thread-25] getdefinition INFO  p.u.c.b.m.gpr.rules.core.AssembleGPR - M00006	Pathway	[[K13937, K00036, K19243], [K13937, K01057, K07404], [K00033]] 
2020 Jun 22 16:13:31 [Thread-25] getFinalRule INFO  p.u.c.b.m.gpr.rules.core.AssembleGPR - GPR RULE:	 [GeneAssociation [genes=[K00036], modules={M00006=ModuleCI [module=M00006, moduleType=Pathway, definition=(K13937,((K00036,K19243) (K01057,K07404))) K00033, name=Pentose phosphate pathway, oxidative phase, glucose 6P => ribulose 5P, pathways=[00030, 01100, 01120, 01200]]}]]
2020 Jun 22 16:13:31 [Thread-25] getdefinition INFO  p.u.c.b.m.gpr.rules.core.AssembleGPR - M00008	Pathway	[[K00036], [K01057, K07404], [K01690], [K01625]] 
2020 Jun 22 16:13:32 [Thread-25] getFinalRule INFO  p.u.c.b.m.gpr.rules.core.AssembleGPR - GPR RULE:	 [GeneAssociation [genes=[K00036], modules={M00008=ModuleCI [module=M00008, moduleType=Pathway, definition=K00036 (K01057,K07404) K01690 K01625, name=Entner-Doudoroff pathway, glucose-6P => glyceraldehyde-3P + pyruvate, pathways=[00030, 01100, 01120, 01200]]}]]
2020 Jun 22 16:13:32 [Thread-25] runIdentification INFO  p.u.c.b.m.g.r.c.IdentifyGenomeSubunits - Retrieved!
2020 Jun 22 16:13:32 [Thread-25] runIdentification INFO  p.u.c.b.m.g.r.c.IdentifyGenomeSubunits - Genes, KO, modules 	{K00036=[13, 14, 15]}
2020 Jun 22 16:15:07 [Thread-25] runIdentification INFO  p.u.c.b.m.g.r.c.IdentifyGenomeSubunits - Orthologs to be searched in genome:	1	[eco:b1852]
2020 Jun 22 16:15:07 [Thread-25] run_OrthologGapsSearch INFO  p.u.c.b.m.a.core.RunSimilaritySearch - Writting query sequences temporary fasta files... 
2020 Jun 22 16:15:07 [Thread-25] run_OrthologGapsSearch INFO  p.u.c.b.m.a.core.RunSimilaritySearch - Starting Blast homology searches... 
2020 Jun 22 16:15:07 [Thread-53] run INFO  p.u.c.b.m.a.c.M.BlastAlignment - BLAST search completed with success!
2020 Jun 22 16:15:08 [Thread-25] runIdentification INFO  p.u.c.b.m.g.r.c.IdentifyGenomeSubunits - Retrieving GPR for 2.4.2.8 ...
2020 Jun 22 16:15:20 [Thread-25] runIdentification INFO  p.u.c.b.m.g.r.c.IdentifyGenomeSubunits - Retrieved!
2020 Jun 22 16:15:20 [Thread-25] runIdentification INFO  p.u.c.b.m.g.r.c.IdentifyGenomeSubunits - Genes, KO, modules 	{}
2020 Jun 22 16:15:21 [Thread-25] runIdentification INFO  p.u.c.b.m.g.r.c.IdentifyGenomeSubunits - Orthologs to be searched in genome:	0	[]
2020 Jun 22 16:15:21 [Thread-25] runIdentification INFO  p.u.c.b.m.g.r.c.IdentifyGenomeSubunits - Retrieving GPR for 4.1.3.16 ...
2020 Jun 22 16:15:25 [Thread-25] runIdentification INFO  p.u.c.b.m.g.r.c.IdentifyGenomeSubunits - Retrieved!
2020 Jun 22 16:15:25 [Thread-25] runIdentification INFO  p.u.c.b.m.g.r.c.IdentifyGenomeSubunits - Genes, KO, modules 	{}
2020 Jun 22 16:15:25 [Thread-25] runIdentification INFO  p.u.c.b.m.g.r.c.IdentifyGenomeSubunits - Orthologs to be searched in genome:	0	[]
2020 Jun 22 16:15:25 [Thread-25] runIdentification INFO  p.u.c.b.m.g.r.c.IdentifyGenomeSubunits - Retrieving GPR for 4.1.2.14 ...
2020 Jun 22 16:15:28 [Thread-25] getdefinition INFO  p.u.c.b.m.gpr.rules.core.AssembleGPR - M00008	Pathway	[[K00036], [K01057, K07404], [K01690], [K01625]] 
2020 Jun 22 16:15:29 [Thread-25] getFinalRule INFO  p.u.c.b.m.gpr.rules.core.AssembleGPR - GPR RULE:	 [GeneAssociation [genes=[K01625], modules={M00008=ModuleCI [module=M00008, moduleType=Pathway, definition=K00036 (K01057,K07404) K01690 K01625, name=Entner-Doudoroff pathway, glucose-6P => glyceraldehyde-3P + pyruvate, pathways=[00030, 01100, 01120, 01200]]}]]
2020 Jun 22 16:15:29 [Thread-25] getdefinition INFO  p.u.c.b.m.gpr.rules.core.AssembleGPR - M00061	Pathway	[[K01812], [K00040], [K01686, K08323], [K00874], [K01625, K17463]] 
2020 Jun 22 16:15:30 [Thread-25] getFinalRule INFO  p.u.c.b.m.gpr.rules.core.AssembleGPR - GPR RULE:	 [GeneAssociation [genes=[K01625], modules={M00061=ModuleCI [module=M00061, moduleType=Pathway, definition=K01812 K00040 (K01686,K08323) K00874 (K01625,K17463), name=D-Glucuronate degradation, D-glucuronate => pyruvate + D-glyceraldehyde 3P, pathways=[00030, 00040, 01100]]}], GeneAssociation [genes=[K17463], modules={M00061=ModuleCI [module=M00061, moduleType=Pathway, definition=K01812 K00040 (K01686,K08323) K00874 (K01625,K17463), name=D-Glucuronate degradation, D-glucuronate => pyruvate + D-glyceraldehyde 3P, pathways=[00030, 00040, 01100]]}]]
2020 Jun 22 16:15:30 [Thread-25] getdefinition INFO  p.u.c.b.m.gpr.rules.core.AssembleGPR - M00308	Pathway	[[K05308], [K00874], [K01625], [K00134], [K00927, K00131, K18978]] 
2020 Jun 22 16:15:31 [Thread-25] getFinalRule INFO  p.u.c.b.m.gpr.rules.core.AssembleGPR - GPR RULE:	 [GeneAssociation [genes=[K01625], modules={M00308=ModuleCI [module=M00308, moduleType=Pathway, definition=K05308 K00874 K01625 (K00134 K00927,K00131,K18978), name=Semi-phosphorylative Entner-Doudoroff pathway, gluconate => glycerate-3P, pathways=[00030, 01100, 01120, 01200]]}]]
2020 Jun 22 16:15:31 [Thread-25] getdefinition INFO  p.u.c.b.m.gpr.rules.core.AssembleGPR - M00631	Pathway	[[K01812], [K00041], [K01685, K16849+K16850], [K00874], [K01625, K17463]] 
2020 Jun 22 16:15:32 [Thread-25] getFinalRule INFO  p.u.c.b.m.gpr.rules.core.AssembleGPR - GPR RULE:	 [GeneAssociation [genes=[K01625], modules={M00631=ModuleCI [module=M00631, moduleType=Pathway, definition=K01812 K00041 (K01685,K16849+K16850) K00874 (K01625,K17463), name=D-Galacturonate degradation (bacteria), D-galacturonate => pyruvate + D-glyceraldehyde 3P, pathways=[00030, 00040, 01100]]}], GeneAssociation [genes=[K17463], modules={M00631=ModuleCI [module=M00631, moduleType=Pathway, definition=K01812 K00041 (K01685,K16849+K16850) K00874 (K01625,K17463), name=D-Galacturonate degradation (bacteria), D-galacturonate => pyruvate + D-glyceraldehyde 3P, pathways=[00030, 00040, 01100]]}]]
2020 Jun 22 16:15:32 [Thread-25] runIdentification INFO  p.u.c.b.m.g.r.c.IdentifyGenomeSubunits - Retrieved!
2020 Jun 22 16:15:33 [Thread-25] runIdentification INFO  p.u.c.b.m.g.r.c.IdentifyGenomeSubunits - Genes, KO, modules 	{K17463=[16, 18], K01625=[16, 17, 18, 19]}
2020 Jun 22 16:16:40 [Thread-25] runIdentification INFO  p.u.c.b.m.g.r.c.IdentifyGenomeSubunits - Orthologs to be searched in genome:	2	[eco:b1850, eoi:ECO111_3677]
2020 Jun 22 16:16:40 [Thread-25] run_OrthologGapsSearch INFO  p.u.c.b.m.a.core.RunSimilaritySearch - Writting query sequences temporary fasta files... 
2020 Jun 22 16:16:40 [Thread-25] run_OrthologGapsSearch INFO  p.u.c.b.m.a.core.RunSimilaritySearch - Starting Blast homology searches... 
2020 Jun 22 16:16:40 [Thread-55] run INFO  p.u.c.b.m.a.c.M.BlastAlignment - BLAST search completed with success!
2020 Jun 22 16:16:40 [Thread-54] run INFO  p.u.c.b.m.a.c.M.BlastAlignment - BLAST search completed with success!
2020 Jun 22 16:16:41 [Thread-25] run_OrthologGapsSearch INFO  p.u.c.b.m.a.core.RunSimilaritySearch - Writting query sequences temporary fasta files... 
2020 Jun 22 16:16:41 [Thread-25] run_OrthologGapsSearch INFO  p.u.c.b.m.a.core.RunSimilaritySearch - Starting Blast homology searches... 
2020 Jun 22 16:16:41 [Thread-56] run INFO  p.u.c.b.m.a.c.M.BlastAlignment - BLAST search completed with success!
2020 Jun 22 16:16:43 [Thread-25] runIdentification INFO  p.u.c.b.m.g.r.c.IdentifyGenomeSubunits - Retrieving GPR for 1.1.1.37 ...
2020 Jun 22 16:16:51 [Thread-25] getdefinition INFO  p.u.c.b.m.gpr.rules.core.AssembleGPR - M00009	Pathway	[[K01647, K05942], [K01681, K01682], [K00031, K00030], [K00164+K00658+K00382, K00174+K00175-K00177-K00176], [K01902+K01903, K01899+K01900, K18118], [K00234+K00235+K00236+K00237, K00239+K00240+K00241-K00242, K00239+K00240+K00241-K18859, K00239+K00240+K00241-K18860, K00244+K00245+K00246-K00247], [K01676, K01679, K01677+K01678], [K00026, K00025, K00024, K00116]] 
2020 Jun 22 16:16:52 [Thread-25] getFinalRule INFO  p.u.c.b.m.gpr.rules.core.AssembleGPR - GPR RULE:	 [GeneAssociation [genes=[K00026], modules={M00009=ModuleCI [module=M00009, moduleType=Pathway, definition=(K01647,K05942) (K01681,K01682) (K00031,K00030) (K00164+K00658+K00382,K00174+K00175-K00177-K00176) (K01902+K01903,K01899+K01900,K18118) (K00234+K00235+K00236+K00237,K00239+K00240+K00241-(K00242,K18859,K18860),K00244+K00245+K00246-K00247) (K01676,K01679,K01677+K01678) (K00026,K00025,K00024,K00116), name=Citrate cycle (TCA cycle, Krebs cycle), pathways=[00020, 01100, 01200]]}], GeneAssociation [genes=[K00025], modules={M00009=ModuleCI [module=M00009, moduleType=Pathway, definition=(K01647,K05942) (K01681,K01682) (K00031,K00030) (K00164+K00658+K00382,K00174+K00175-K00177-K00176) (K01902+K01903,K01899+K01900,K18118) (K00234+K00235+K00236+K00237,K00239+K00240+K00241-(K00242,K18859,K18860),K00244+K00245+K00246-K00247) (K01676,K01679,K01677+K01678) (K00026,K00025,K00024,K00116), name=Citrate cycle (TCA cycle, Krebs cycle), pathways=[00020, 01100, 01200]]}], GeneAssociation [genes=[K00024], modules={M00009=ModuleCI [module=M00009, moduleType=Pathway, definition=(K01647,K05942) (K01681,K01682) (K00031,K00030) (K00164+K00658+K00382,K00174+K00175-K00177-K00176) (K01902+K01903,K01899+K01900,K18118) (K00234+K00235+K00236+K00237,K00239+K00240+K00241-(K00242,K18859,K18860),K00244+K00245+K00246-K00247) (K01676,K01679,K01677+K01678) (K00026,K00025,K00024,K00116), name=Citrate cycle (TCA cycle, Krebs cycle), pathways=[00020, 01100, 01200]]}]]
2020 Jun 22 16:16:53 [Thread-25] getdefinition INFO  p.u.c.b.m.gpr.rules.core.AssembleGPR - M00011	Pathway	[[K00164+K00658+K00382, K00174+K00175-K00177-K00176], [K01902+K01903, K01899+K01900, K18118], [K00234+K00235+K00236+K00237, K00239+K00240+K00241-K00242, K00239+K00240+K00241-K18859, K00239+K00240+K00241-K18860, K00244+K00245+K00246-K00247], [K01676, K01679, K01677+K01678], [K00026, K00025, K00024, K00116]] 
2020 Jun 22 16:16:53 [Thread-25] getFinalRule INFO  p.u.c.b.m.gpr.rules.core.AssembleGPR - GPR RULE:	 [GeneAssociation [genes=[K00026], modules={M00011=ModuleCI [module=M00011, moduleType=Pathway, definition=(K00164+K00658+K00382,K00174+K00175-K00177-K00176) (K01902+K01903,K01899+K01900,K18118) (K00234+K00235+K00236+K00237,K00239+K00240+K00241-(K00242,K18859,K18860),K00244+K00245+K00246-K00247) (K01676,K01679,K01677+K01678) (K00026,K00025,K00024,K00116), name=Citrate cycle, second carbon oxidation, 2-oxoglutarate => oxaloacetate, pathways=[00020, 01100, 01200]]}], GeneAssociation [genes=[K00025], modules={M00011=ModuleCI [module=M00011, moduleType=Pathway, definition=(K00164+K00658+K00382,K00174+K00175-K00177-K00176) (K01902+K01903,K01899+K01900,K18118) (K00234+K00235+K00236+K00237,K00239+K00240+K00241-(K00242,K18859,K18860),K00244+K00245+K00246-K00247) (K01676,K01679,K01677+K01678) (K00026,K00025,K00024,K00116), name=Citrate cycle, second carbon oxidation, 2-oxoglutarate => oxaloacetate, pathways=[00020, 01100, 01200]]}], GeneAssociation [genes=[K00024], modules={M00011=ModuleCI [module=M00011, moduleType=Pathway, definition=(K00164+K00658+K00382,K00174+K00175-K00177-K00176) (K01902+K01903,K01899+K01900,K18118) (K00234+K00235+K00236+K00237,K00239+K00240+K00241-(K00242,K18859,K18860),K00244+K00245+K00246-K00247) (K01676,K01679,K01677+K01678) (K00026,K00025,K00024,K00116), name=Citrate cycle, second carbon oxidation, 2-oxoglutarate => oxaloacetate, pathways=[00020, 01100, 01200]]}]]
2020 Jun 22 16:16:53 [Thread-25] getdefinition INFO  p.u.c.b.m.gpr.rules.core.AssembleGPR - M00012	Pathway	[[K01647], [K01681, K01682], [K01637], [K01638, K19282], [K00026, K00025, K00024]] 
2020 Jun 22 16:16:54 [Thread-25] getFinalRule INFO  p.u.c.b.m.gpr.rules.core.AssembleGPR - GPR RULE:	 [GeneAssociation [genes=[K00026], modules={M00012=ModuleCI [module=M00012, moduleType=Pathway, definition=K01647 (K01681,K01682) K01637 (K01638,K19282) (K00026,K00025,K00024), name=Glyoxylate cycle, pathways=[00630, 01100, 01110, 01200]]}], GeneAssociation [genes=[K00025], modules={M00012=ModuleCI [module=M00012, moduleType=Pathway, definition=K01647 (K01681,K01682) K01637 (K01638,K19282) (K00026,K00025,K00024), name=Glyoxylate cycle, pathways=[00630, 01100, 01110, 01200]]}], GeneAssociation [genes=[K00024], modules={M00012=ModuleCI [module=M00012, moduleType=Pathway, definition=K01647 (K01681,K01682) K01637 (K01638,K19282) (K00026,K00025,K00024), name=Glyoxylate cycle, pathways=[00630, 01100, 01110, 01200]]}]]
2020 Jun 22 16:16:54 [Thread-25] getdefinition INFO  p.u.c.b.m.gpr.rules.core.AssembleGPR - M00168	Pathway	[[K01595], [K00025, K00026, K00024]] 
2020 Jun 22 16:16:55 [Thread-25] getFinalRule INFO  p.u.c.b.m.gpr.rules.core.AssembleGPR - GPR RULE:	 [GeneAssociation [genes=[K00025], modules={M00168=ModuleCI [module=M00168, moduleType=Pathway, definition=K01595 (K00025,K00026,K00024), name=CAM (Crassulacean acid metabolism), dark, pathways=[00620, 00710, 01100, 01120, 01200]]}], GeneAssociation [genes=[K00026], modules={M00168=ModuleCI [module=M00168, moduleType=Pathway, definition=K01595 (K00025,K00026,K00024), name=CAM (Crassulacean acid metabolism), dark, pathways=[00620, 00710, 01100, 01120, 01200]]}], GeneAssociation [genes=[K00024], modules={M00168=ModuleCI [module=M00168, moduleType=Pathway, definition=K01595 (K00025,K00026,K00024), name=CAM (Crassulacean acid metabolism), dark, pathways=[00620, 00710, 01100, 01120, 01200]]}]]
2020 Jun 22 16:16:55 [Thread-25] getdefinition INFO  p.u.c.b.m.gpr.rules.core.AssembleGPR - M00171	Pathway	[[K01595], [K14454], [K14455], [K00025, K00026], [K00028], [K00814, K14272], [K01006]] 
2020 Jun 22 16:16:56 [Thread-25] getFinalRule INFO  p.u.c.b.m.gpr.rules.core.AssembleGPR - GPR RULE:	 [GeneAssociation [genes=[K00025], modules={M00171=ModuleCI [module=M00171, moduleType=Pathway, definition=K01595 K14454 K14455 (K00025,K00026) K00028 (K00814,K14272) K01006, name=C4-dicarboxylic acid cycle, NAD - malic enzyme type, pathways=[00710, 01100, 01120, 01200]]}], GeneAssociation [genes=[K00026], modules={M00171=ModuleCI [module=M00171, moduleType=Pathway, definition=K01595 K14454 K14455 (K00025,K00026) K00028 (K00814,K14272) K01006, name=C4-dicarboxylic acid cycle, NAD - malic enzyme type, pathways=[00710, 01100, 01120, 01200]]}]]
2020 Jun 22 16:16:56 [Thread-25] getdefinition INFO  p.u.c.b.m.gpr.rules.core.AssembleGPR - M00173	Pathway	[[K00169+K00170+K00171+K00172, K03737], [K01007, K01006], [K01595, K01959+K01960, K01958], [K00024], [K01676, K01679, K01677+K01678], [K00239+K00240-K00241-K00242, K00244+K00245-K00246-K00247, K18556+K18557+K18558+K18559+K18560], [K01902+K01903], [K00174+K00175-K00177-K00176], [K00031], [K01681, K01682], [K15230+K15231, K15232+K15233], [K15234]] 
2020 Jun 22 16:16:57 [Thread-25] getFinalRule INFO  p.u.c.b.m.gpr.rules.core.AssembleGPR - GPR RULE:	 [GeneAssociation [genes=[K00024], modules={M00173=ModuleCI [module=M00173, moduleType=Pathway, definition=(K00169+K00170+K00171+K00172,K03737) ((K01007,K01006) K01595,K01959+K01960,K01958) K00024 (K01676,K01679,K01677+K01678) (K00239+K00240-K00241-K00242,K00244+K00245-K00246-K00247,K18556+K18557+K18558+K18559+K18560) (K01902+K01903) (K00174+K00175-K00177-K00176) K00031 (K01681,K01682) (K15230+K15231,K15232+K15233 K15234), name=Reductive citrate cycle (Arnon-Buchanan cycle), pathways=[00720, 01100, 01120, 01200]]}]]
2020 Jun 22 16:16:57 [Thread-25] getdefinition INFO  p.u.c.b.m.gpr.rules.core.AssembleGPR - M00346	Pathway	[[K00600], [K00830], [K00018], [K11529], [K01689], [K01595], [K00024], [K08692+K14067], [K08691]] 
2020 Jun 22 16:16:57 [Thread-25] getFinalRule INFO  p.u.c.b.m.gpr.rules.core.AssembleGPR - GPR RULE:	 [GeneAssociation [genes=[K00024], modules={M00346=ModuleCI [module=M00346, moduleType=Pathway, definition=K00600 K00830 K00018 K11529 K01689 K01595 K00024 K08692+K14067 K08691, name=Formaldehyde assimilation, serine pathway, pathways=[00680, 01100, 01120, 01200]]}]]
2020 Jun 22 16:16:58 [Thread-25] getdefinition INFO  p.u.c.b.m.gpr.rules.core.AssembleGPR - M00374	Pathway	[[K00169+K00170+K00171+K00172], [K01007], [K01595], [K00024], [K01677+K01678], [K00239+K00240-K00241-K18860], [K01902+K01903], [K15038, K15017], [K14465], [K14467, K18861], [K14534], [K15016], [K00626]] 
2020 Jun 22 16:16:58 [Thread-25] getFinalRule INFO  p.u.c.b.m.gpr.rules.core.AssembleGPR - GPR RULE:	 [GeneAssociation [genes=[K00024], modules={M00374=ModuleCI [module=M00374, moduleType=Pathway, definition=(K00169+K00170+K00171+K00172) K01007 K01595 K00024 (K01677+K01678) (K00239+K00240-K00241-K18860) (K01902+K01903) (K15038,K15017) K14465 (K14467,K18861) K14534 K15016 K00626, name=Dicarboxylate-hydroxybutyrate cycle, pathways=[00720, 01100, 01120, 01200]]}]]
2020 Jun 22 16:16:59 [Thread-25] getdefinition INFO  p.u.c.b.m.gpr.rules.core.AssembleGPR - M00620	Pathway	[[K00169+K00170+K00171+K00172], [K01959+K01960], [K00024], [K01677+K01678], [K18209+K18210], [K01902+K01903], [K00174+K00175+K00176+K00177]] 
2020 Jun 22 16:16:59 [Thread-25] getFinalRule INFO  p.u.c.b.m.gpr.rules.core.AssembleGPR - GPR RULE:	 [GeneAssociation [genes=[K00024], modules={M00620=ModuleCI [module=M00620, moduleType=Pathway, definition=(K00169+K00170+K00171+K00172) (K01959+K01960) K00024 (K01677+K01678) (K18209+K18210) (K01902+K01903) (K00174+K00175+K00176+K00177), name=Incomplete reductive citrate cycle, acetyl-CoA => oxoglutarate, pathways=[00720, 01100, 01120, 01200]]}]]
2020 Jun 22 16:17:00 [Thread-25] getdefinition INFO  p.u.c.b.m.gpr.rules.core.AssembleGPR - M00740	Pathway	[[K01647], [K01681], [K00031], [K00261], [K19268+K01846], [K04835], [K19280], [K14449], [K19281], [K19282], [K00024]] 
2020 Jun 22 16:17:00 [Thread-25] getFinalRule INFO  p.u.c.b.m.gpr.rules.core.AssembleGPR - GPR RULE:	 [GeneAssociation [genes=[K00024], modules={M00740=ModuleCI [module=M00740, moduleType=Pathway, definition=K01647 K01681 K00031 K00261 K19268+K01846 K04835 K19280 K14449 K19281 K19282 K00024, name=Methylaspartate cycle, pathways=[00020, 00250, 00630, 01100, 01120, 01200]]}]]
2020 Jun 22 16:17:00 [Thread-25] runIdentification INFO  p.u.c.b.m.g.r.c.IdentifyGenomeSubunits - Retrieved!
2020 Jun 22 16:17:05 [Thread-25] runIdentification INFO  p.u.c.b.m.g.r.c.IdentifyGenomeSubunits - Genes, KO, modules 	{K00024=[20, 21, 22, 23, 25, 26, 27, 28, 29], K00025=[20, 21, 22, 23, 24], K00026=[20, 21, 22, 23, 24]}
2020 Jun 22 16:18:30 [Thread-22] warn WARN  e.u.ei.aibench.workbench.Workbench - nothing found
2020 Jun 22 16:18:51 [Thread-21] runIdentification INFO  p.u.c.b.m.g.r.c.IdentifyGenomeSubunits - Reference taxonomy set to [Bacteria, Proteobacteria, Gammaproteobacteria, Enterobacterales, Enterobacteriaceae, Escherichia, Escherichia coli, Escherichia coli K-12]
2020 Jun 22 16:18:56 [Thread-21] runIdentification INFO  p.u.c.b.m.g.r.c.IdentifyGenomeSubunits - Iterator size: 1, entries [4.1.3.16]
2020 Jun 22 16:19:01 [Thread-25] runIdentification INFO  p.u.c.b.m.g.r.c.IdentifyGenomeSubunits - Orthologs to be searched in genome:	3	[eco:b3236, hsa:4190, hsa:4191]
2020 Jun 22 16:19:01 [Thread-25] run_OrthologGapsSearch INFO  p.u.c.b.m.a.core.RunSimilaritySearch - Writting query sequences temporary fasta files... 
2020 Jun 22 16:19:01 [Thread-25] run_OrthologGapsSearch INFO  p.u.c.b.m.a.core.RunSimilaritySearch - Starting Blast homology searches... 
2020 Jun 22 16:19:02 [Thread-61] run INFO  p.u.c.b.m.a.c.M.BlastAlignment - BLAST search completed with success!
2020 Jun 22 16:19:02 [Thread-59] run INFO  p.u.c.b.m.a.c.M.BlastAlignment - BLAST search completed with success!
2020 Jun 22 16:19:02 [Thread-60] run INFO  p.u.c.b.m.a.c.M.BlastAlignment - BLAST search completed with success!
2020 Jun 22 16:19:03 [Thread-25] run_OrthologGapsSearch INFO  p.u.c.b.m.a.core.RunSimilaritySearch - Writting query sequences temporary fasta files... 
2020 Jun 22 16:19:03 [Thread-25] run_OrthologGapsSearch INFO  p.u.c.b.m.a.core.RunSimilaritySearch - Starting Blast homology searches... 
2020 Jun 22 16:19:03 [Thread-62] run INFO  p.u.c.b.m.a.c.M.BlastAlignment - BLAST search completed with success!
2020 Jun 22 16:19:05 [Thread-25] runIdentification INFO  p.u.c.b.m.g.r.c.IdentifyGenomeSubunits - Retrieving GPR for 5.3.2.2 ...
2020 Jun 22 16:19:07 [Thread-25] runIdentification INFO  p.u.c.b.m.g.r.c.IdentifyGenomeSubunits - Retrieved!
2020 Jun 22 16:19:07 [Thread-25] runIdentification INFO  p.u.c.b.m.g.r.c.IdentifyGenomeSubunits - Genes, KO, modules 	{}
2020 Jun 22 16:19:07 [Thread-25] runIdentification INFO  p.u.c.b.m.g.r.c.IdentifyGenomeSubunits - Orthologs to be searched in genome:	0	[]
2020 Jun 22 16:19:07 [Thread-25] runIdentification INFO  p.u.c.b.m.g.r.c.IdentifyGenomeSubunits - Retrieving GPR for 2.7.2.2 ...
2020 Jun 22 16:19:07 [Thread-21] runIdentification INFO  p.u.c.b.m.g.r.c.IdentifyGenomeSubunits - Orthologs to be searched in genome:	1	[lip:LI0108]
2020 Jun 22 16:19:07 [Thread-21] run_OrthologGapsSearch INFO  p.u.c.b.m.a.core.RunSimilaritySearch - Writting query sequences temporary fasta files... 
2020 Jun 22 16:19:07 [Thread-21] run_OrthologGapsSearch INFO  p.u.c.b.m.a.core.RunSimilaritySearch - Starting Blast homology searches... 
2020 Jun 22 16:19:07 [Thread-63] run INFO  p.u.c.b.m.a.c.M.BlastAlignment - BLAST search completed with success!
2020 Jun 22 16:19:08 [Thread-21] warn WARN  e.u.ei.aibench.workbench.Workbench - nothing found
2020 Jun 22 16:19:15 [Thread-25] runIdentification INFO  p.u.c.b.m.g.r.c.IdentifyGenomeSubunits - Retrieved!
2020 Jun 22 16:19:15 [Thread-25] runIdentification INFO  p.u.c.b.m.g.r.c.IdentifyGenomeSubunits - Genes, KO, modules 	{}
2020 Jun 22 16:19:15 [Thread-25] runIdentification INFO  p.u.c.b.m.g.r.c.IdentifyGenomeSubunits - Orthologs to be searched in genome:	0	[]
2020 Jun 22 16:19:15 [Thread-25] runIdentification INFO  p.u.c.b.m.g.r.c.IdentifyGenomeSubunits - Retrieving GPR for 6.3.4.18 ...
2020 Jun 22 16:19:18 [Thread-25] runIdentification INFO  p.u.c.b.m.g.r.c.IdentifyGenomeSubunits - Retrieved!
2020 Jun 22 16:19:18 [Thread-25] runIdentification INFO  p.u.c.b.m.g.r.c.IdentifyGenomeSubunits - Genes, KO, modules 	{}
2020 Jun 22 16:19:18 [Thread-25] runIdentification INFO  p.u.c.b.m.g.r.c.IdentifyGenomeSubunits - Orthologs to be searched in genome:	0	[]
2020 Jun 22 16:19:18 [Thread-25] runIdentification INFO  p.u.c.b.m.g.r.c.IdentifyGenomeSubunits - Retrieving GPR for 2.2.1.2 ...
2020 Jun 22 16:19:23 [Thread-25] getdefinition INFO  p.u.c.b.m.gpr.rules.core.AssembleGPR - M00007	Pathway	[[K00615], [K00616, K13810], [K01783], [K01807, K01808]] 
2020 Jun 22 16:19:24 [Thread-25] getFinalRule INFO  p.u.c.b.m.gpr.rules.core.AssembleGPR - GPR RULE:	 [GeneAssociation [genes=[K00616], modules={M00007=ModuleCI [module=M00007, moduleType=Pathway, definition=K00615 (K00616,K13810) K01783 (K01807,K01808), name=Pentose phosphate pathway, non-oxidative phase, fructose 6P => ribose 5P, pathways=[00030, 01100, 01120, 01200, 01230]]}], GeneAssociation [genes=[K13810], modules={M00007=ModuleCI [module=M00007, moduleType=Pathway, definition=K00615 (K00616,K13810) K01783 (K01807,K01808), name=Pentose phosphate pathway, non-oxidative phase, fructose 6P => ribose 5P, pathways=[00030, 01100, 01120, 01200, 01230]]}]]
2020 Jun 22 16:19:24 [Thread-25] runIdentification INFO  p.u.c.b.m.g.r.c.IdentifyGenomeSubunits - Retrieved!
2020 Jun 22 16:19:25 [Thread-25] runIdentification INFO  p.u.c.b.m.g.r.c.IdentifyGenomeSubunits - Genes, KO, modules 	{K00616=[30], K13810=[30]}
2020 Jun 22 16:19:29 [AWT-EventQueue-0] getPropertyDescriptors WARN  e.u.e.a.workbench.MonitorizeDialog - Warning: progress bean property progress does not have a write method associated so it probably can't be updated
2020 Jun 22 16:19:29 [AWT-EventQueue-0] getPropertyDescriptors WARN  e.u.e.a.workbench.MonitorizeDialog - Warning: progress bean property task does not have a write method associated so it probably can't be updated
2020 Jun 22 16:19:29 [AWT-EventQueue-0] getPropertyDescriptors WARN  e.u.e.a.workbench.MonitorizeDialog - Warning: progress bean property time does not have a write method associated so it probably can't be updated
2020 Jun 22 16:21:16 [Thread-25] runIdentification INFO  p.u.c.b.m.g.r.c.IdentifyGenomeSubunits - Orthologs to be searched in genome:	3	[eco:b2464, por:APT59_15000, eco:b0008]
2020 Jun 22 16:21:16 [Thread-25] run_OrthologGapsSearch INFO  p.u.c.b.m.a.core.RunSimilaritySearch - Writting query sequences temporary fasta files... 
2020 Jun 22 16:21:16 [Thread-25] run_OrthologGapsSearch INFO  p.u.c.b.m.a.core.RunSimilaritySearch - Starting Blast homology searches... 
2020 Jun 22 16:21:16 [Thread-67] run INFO  p.u.c.b.m.a.c.M.BlastAlignment - BLAST search completed with success!
2020 Jun 22 16:21:16 [Thread-65] run INFO  p.u.c.b.m.a.c.M.BlastAlignment - BLAST search completed with success!
2020 Jun 22 16:21:16 [Thread-66] run INFO  p.u.c.b.m.a.c.M.BlastAlignment - BLAST search completed with success!
2020 Jun 22 16:21:17 [Thread-20] warn WARN  e.u.ei.aibench.workbench.Workbench - nothing found
2020 Jun 22 16:21:18 [Thread-25] run_OrthologGapsSearch INFO  p.u.c.b.m.a.core.RunSimilaritySearch - Writting query sequences temporary fasta files... 
2020 Jun 22 16:21:18 [Thread-25] run_OrthologGapsSearch INFO  p.u.c.b.m.a.core.RunSimilaritySearch - Starting Blast homology searches... 
2020 Jun 22 16:21:18 [Thread-70] run INFO  p.u.c.b.m.a.c.M.BlastAlignment - BLAST search completed with success!
2020 Jun 22 16:21:19 [Thread-25] runIdentification INFO  p.u.c.b.m.g.r.c.IdentifyGenomeSubunits - Retrieving GPR for 4.2.1.12 ...
2020 Jun 22 16:21:22 [Thread-25] getdefinition INFO  p.u.c.b.m.gpr.rules.core.AssembleGPR - M00008	Pathway	[[K00036], [K01057, K07404], [K01690], [K01625]] 
2020 Jun 22 16:21:23 [Thread-25] getFinalRule INFO  p.u.c.b.m.gpr.rules.core.AssembleGPR - GPR RULE:	 [GeneAssociation [genes=[K01690], modules={M00008=ModuleCI [module=M00008, moduleType=Pathway, definition=K00036 (K01057,K07404) K01690 K01625, name=Entner-Doudoroff pathway, glucose-6P => glyceraldehyde-3P + pyruvate, pathways=[00030, 01100, 01120, 01200]]}]]
2020 Jun 22 16:21:23 [Thread-25] runIdentification INFO  p.u.c.b.m.g.r.c.IdentifyGenomeSubunits - Retrieved!
2020 Jun 22 16:21:23 [Thread-25] runIdentification INFO  p.u.c.b.m.g.r.c.IdentifyGenomeSubunits - Genes, KO, modules 	{K01690=[31]}
2020 Jun 22 16:21:47 [Thread-25] runIdentification INFO  p.u.c.b.m.g.r.c.IdentifyGenomeSubunits - Orthologs to be searched in genome:	1	[eco:b1851]
2020 Jun 22 16:21:47 [Thread-25] run_OrthologGapsSearch INFO  p.u.c.b.m.a.core.RunSimilaritySearch - Writting query sequences temporary fasta files... 
2020 Jun 22 16:21:48 [Thread-25] run_OrthologGapsSearch INFO  p.u.c.b.m.a.core.RunSimilaritySearch - Starting Blast homology searches... 
2020 Jun 22 16:21:48 [Thread-71] run INFO  p.u.c.b.m.a.c.M.BlastAlignment - BLAST search completed with success!
2020 Jun 22 16:21:49 [Thread-25] runIdentification INFO  p.u.c.b.m.g.r.c.IdentifyGenomeSubunits - Retrieving GPR for 3.2.1.86 ...
2020 Jun 22 16:21:53 [Thread-25] runIdentification INFO  p.u.c.b.m.g.r.c.IdentifyGenomeSubunits - Retrieved!
2020 Jun 22 16:21:53 [Thread-25] runIdentification INFO  p.u.c.b.m.g.r.c.IdentifyGenomeSubunits - Genes, KO, modules 	{}
2020 Jun 22 16:21:53 [Thread-25] runIdentification INFO  p.u.c.b.m.g.r.c.IdentifyGenomeSubunits - Orthologs to be searched in genome:	0	[]
2020 Jun 22 16:21:53 [Thread-25] runIdentification INFO  p.u.c.b.m.g.r.c.IdentifyGenomeSubunits - Retrieving GPR for 2.7.1.40 ...
2020 Jun 22 16:21:54 [AWT-EventQueue-0] getPropertyDescriptors WARN  e.u.e.a.workbench.MonitorizeDialog - Warning: progress bean property progress does not have a write method associated so it probably can't be updated
2020 Jun 22 16:21:54 [AWT-EventQueue-0] getPropertyDescriptors WARN  e.u.e.a.workbench.MonitorizeDialog - Warning: progress bean property task does not have a write method associated so it probably can't be updated
2020 Jun 22 16:21:54 [AWT-EventQueue-0] getPropertyDescriptors WARN  e.u.e.a.workbench.MonitorizeDialog - Warning: progress bean property time does not have a write method associated so it probably can't be updated
2020 Jun 22 16:22:05 [Thread-25] getdefinition INFO  p.u.c.b.m.gpr.rules.core.AssembleGPR - M00050	Pathway	[[K00088], [K01951], [K00942], [K00940, K18533, K00873, K12406]] 
2020 Jun 22 16:22:06 [Thread-25] getFinalRule INFO  p.u.c.b.m.gpr.rules.core.AssembleGPR - GPR RULE:	 [GeneAssociation [genes=[K00873], modules={M00050=ModuleCI [module=M00050, moduleType=Pathway, definition=K00088 K01951 K00942 (K00940,K18533,K00873,K12406), name=Guanine ribonucleotide biosynthesis IMP => GDP,GTP, pathways=[00230, 01100]]}], GeneAssociation [genes=[K12406], modules={M00050=ModuleCI [module=M00050, moduleType=Pathway, definition=K00088 K01951 K00942 (K00940,K18533,K00873,K12406), name=Guanine ribonucleotide biosynthesis IMP => GDP,GTP, pathways=[00230, 01100]]}]]
2020 Jun 22 16:22:07 [Thread-25] getdefinition INFO  p.u.c.b.m.gpr.rules.core.AssembleGPR - M00001	Pathway	[[K00844, K12407, K00845, K00886, K08074, K00918], [K01810, K06859, K13810, K15916], [K00850, K16370, K21071, K00918], [K01623, K01624, K11645, K16305, K16306], [K01803], [K00134, K00150], [K00927, K11389], [K01834, K15633, K15634, K15635], [K01689], [K00873, K12406]] 
2020 Jun 22 16:22:08 [Thread-25] getFinalRule INFO  p.u.c.b.m.gpr.rules.core.AssembleGPR - GPR RULE:	 [GeneAssociation [genes=[K00873], modules={M00001=ModuleCI [module=M00001, moduleType=Pathway, definition=(K00844,K12407,K00845,K00886,K08074,K00918) (K01810,K06859,K13810,K15916) (K00850,K16370,K21071,K00918) (K01623,K01624,K11645,K16305,K16306) K01803 ((K00134,K00150) K00927,K11389) (K01834,K15633,K15634,K15635) K01689 (K00873,K12406), name=Glycolysis (Embden-Meyerhof pathway), glucose => pyruvate, pathways=[00010, 01100, 01200]]}], GeneAssociation [genes=[K12406], modules={M00001=ModuleCI [module=M00001, moduleType=Pathway, definition=(K00844,K12407,K00845,K00886,K08074,K00918) (K01810,K06859,K13810,K15916) (K00850,K16370,K21071,K00918) (K01623,K01624,K11645,K16305,K16306) K01803 ((K00134,K00150) K00927,K11389) (K01834,K15633,K15634,K15635) K01689 (K00873,K12406), name=Glycolysis (Embden-Meyerhof pathway), glucose => pyruvate, pathways=[00010, 01100, 01200]]}]]
2020 Jun 22 16:22:09 [Thread-25] getdefinition INFO  p.u.c.b.m.gpr.rules.core.AssembleGPR - M00002	Pathway	[[K01803], [K00134, K00150], [K00927, K11389], [K01834, K15633, K15634, K15635], [K01689], [K00873, K12406]] 
2020 Jun 22 16:22:09 [Thread-25] getFinalRule INFO  p.u.c.b.m.gpr.rules.core.AssembleGPR - GPR RULE:	 [GeneAssociation [genes=[K00873], modules={M00002=ModuleCI [module=M00002, moduleType=Pathway, definition=K01803 ((K00134,K00150) K00927,K11389) (K01834,K15633,K15634,K15635) K01689 (K00873,K12406), name=Glycolysis, core module involving three-carbon compounds, pathways=[00010, 01100, 01200, 01230]]}], GeneAssociation [genes=[K12406], modules={M00002=ModuleCI [module=M00002, moduleType=Pathway, definition=K01803 ((K00134,K00150) K00927,K11389) (K01834,K15633,K15634,K15635) K01689 (K00873,K12406), name=Glycolysis, core module involving three-carbon compounds, pathways=[00010, 01100, 01200, 01230]]}]]
2020 Jun 22 16:22:09 [Thread-25] getdefinition INFO  p.u.c.b.m.gpr.rules.core.AssembleGPR - M00049	Pathway	[[K01939], [K01756], [K00939, K18532, K18533, K00944], [K00940, K00873, K12406]] 
2020 Jun 22 16:22:10 [Thread-25] getFinalRule INFO  p.u.c.b.m.gpr.rules.core.AssembleGPR - GPR RULE:	 [GeneAssociation [genes=[K00873], modules={M00049=ModuleCI [module=M00049, moduleType=Pathway, definition=K01939 K01756 (K00939,K18532,K18533,K00944) (K00940,K00873,K12406), name=Adenine ribonucleotide biosynthesis, IMP => ADP,ATP, pathways=[00230, 01100]]}], GeneAssociation [genes=[K12406], modules={M00049=ModuleCI [module=M00049, moduleType=Pathway, definition=K01939 K01756 (K00939,K18532,K18533,K00944) (K00940,K00873,K12406), name=Adenine ribonucleotide biosynthesis, IMP => ADP,ATP, pathways=[00230, 01100]]}]]
2020 Jun 22 16:22:12 [Thread-25] runIdentification INFO  p.u.c.b.m.g.r.c.IdentifyGenomeSubunits - Retrieved!
2020 Jun 22 16:22:15 [Thread-25] runIdentification INFO  p.u.c.b.m.g.r.c.IdentifyGenomeSubunits - Genes, KO, modules 	{K12406=[32, 33, 34, 35], K00873=[32, 33, 34, 35]}
2020 Jun 22 16:22:50 [AWT-EventQueue-0] getPropertyDescriptors WARN  e.u.e.a.workbench.MonitorizeDialog - Warning: progress bean property progress does not have a write method associated so it probably can't be updated
2020 Jun 22 16:22:50 [AWT-EventQueue-0] getPropertyDescriptors WARN  e.u.e.a.workbench.MonitorizeDialog - Warning: progress bean property task does not have a write method associated so it probably can't be updated
2020 Jun 22 16:22:50 [AWT-EventQueue-0] getPropertyDescriptors WARN  e.u.e.a.workbench.MonitorizeDialog - Warning: progress bean property time does not have a write method associated so it probably can't be updated
2020 Jun 22 16:24:16 [Thread-22] runIdentification INFO  p.u.c.b.m.g.r.c.IdentifyGenomeSubunits - Reference taxonomy set to [Bacteria, Proteobacteria, Gammaproteobacteria, Enterobacterales, Enterobacteriaceae, Escherichia, Escherichia coli, Escherichia coli K-12]
2020 Jun 22 16:24:23 [Thread-22] runIdentification INFO  p.u.c.b.m.g.r.c.IdentifyGenomeSubunits - Iterator size: 1, entries [2.7.2.2]
2020 Jun 22 16:24:27 [Thread-25] runIdentification INFO  p.u.c.b.m.g.r.c.IdentifyGenomeSubunits - Orthologs to be searched in genome:	3	[eco:b1676, eco:b1854, hsa:5313]
2020 Jun 22 16:24:27 [Thread-25] run_OrthologGapsSearch INFO  p.u.c.b.m.a.core.RunSimilaritySearch - Writting query sequences temporary fasta files... 
2020 Jun 22 16:24:27 [Thread-25] run_OrthologGapsSearch INFO  p.u.c.b.m.a.core.RunSimilaritySearch - Starting Blast homology searches... 
2020 Jun 22 16:24:27 [Thread-77] run INFO  p.u.c.b.m.a.c.M.BlastAlignment - BLAST search completed with success!
2020 Jun 22 16:24:27 [Thread-78] run INFO  p.u.c.b.m.a.c.M.BlastAlignment - BLAST search completed with success!
2020 Jun 22 16:24:27 [Thread-76] run INFO  p.u.c.b.m.a.c.M.BlastAlignment - BLAST search completed with success!
2020 Jun 22 16:24:30 [Thread-25] filterReactions INFO  p.u.c.b.m.g.r.c.FilterModelReactions - Integration report: Removed	0	[]
Kept	1	[R01528]
Kept new annotation	0	[]
No GPR	104	[R00200, R01652, R11100, R00720, R12274, R01138, R04769, R00724, R08976, R07404, R10245, R08575, R06830, R12268, R00572, R11739, R11736, R00835, R00839, R04639, R05605, R10082, R02736, R11049, R01132, R10078, R00287, R07198, R10914, R10792, R10030, R08237, R08238, R00470, R03186, R00471, R00190, R01827, R07408, R04779, R07406, R07405, R07136, R11228, R01395, R11101, R00342, R09391, R09392, R01858, R00769, R03237, R03236, R03239, R03238, R03758, R00767, R00647, R11017, R02036, R00770, R02035, R11099, R10283, R10041, R11098, R12185, R01843, R00756, R00515, R05133, R06982, R05134, R02142, R11523, R07316, R00086, R07679, R00087, R08245, R10034, R00363, R06620, R01652_V5, R01652_V3, R01652_V4, R01652_V1, R01652_V2, R00662, R12132, R00426, R00150, R05048, R00430, R01082, R00659, R11034, R02317, R01229, R10854, R11148, R11709, R11947, R10856]

reaction:	R01528	16

End Report.
2020 Jun 22 16:25:03 [Thread-25] info INFO  e.u.ei.aibench.workbench.Workbench - gene-protein-reactions rules finding finished
2020 Jun 22 16:25:17 [Thread-22] runIdentification INFO  p.u.c.b.m.g.r.c.IdentifyGenomeSubunits - Orthologs to be searched in genome:	3	[eco:b2874, eco:b0323, eco:b0521]
2020 Jun 22 16:25:17 [Thread-22] run_OrthologGapsSearch INFO  p.u.c.b.m.a.core.RunSimilaritySearch - Writting query sequences temporary fasta files... 
2020 Jun 22 16:25:17 [Thread-22] run_OrthologGapsSearch INFO  p.u.c.b.m.a.core.RunSimilaritySearch - Starting Blast homology searches... 
2020 Jun 22 16:25:18 [Thread-83] run INFO  p.u.c.b.m.a.c.M.BlastAlignment - BLAST search completed with success!
2020 Jun 22 16:25:18 [Thread-82] run INFO  p.u.c.b.m.a.c.M.BlastAlignment - BLAST search completed with success!
2020 Jun 22 16:25:18 [Thread-81] run INFO  p.u.c.b.m.a.c.M.BlastAlignment - BLAST search completed with success!
2020 Jun 22 16:37:36 [AWT-EventQueue-0] info INFO  e.u.ei.aibench.workbench.Workbench - the following reactions were added to the model:
R00150, R01395, R12185
