2020 May 25 15:14:49 [main] handlePluginEngineEvent INFO  es.uvigo.ei.aibench.SplashFrame - Loaded AIBench Core   [version 2.10.2]
2020 May 25 15:14:49 [main] handlePluginEngineEvent INFO  es.uvigo.ei.aibench.SplashFrame - Loaded AIBench Plugin Manager   [version 2.10.2]
2020 May 25 15:14:49 [main] handlePluginEngineEvent INFO  es.uvigo.ei.aibench.SplashFrame - Loaded AIBench Workbench   [version 2.10.2]
2020 May 25 15:14:49 [main] handlePluginEngineEvent INFO  es.uvigo.ei.aibench.SplashFrame - Loaded merlin-automatic-annotation   [version 4.0.3]
2020 May 25 15:14:49 [main] handlePluginEngineEvent INFO  es.uvigo.ei.aibench.SplashFrame - Loaded merlin-biocoiso   [version 4.0.3]
2020 May 25 15:14:49 [main] handlePluginEngineEvent INFO  es.uvigo.ei.aibench.SplashFrame - Loaded merlin-biomass   [version 4.0.3]
2020 May 25 15:14:49 [main] handlePluginEngineEvent INFO  es.uvigo.ei.aibench.SplashFrame - Loaded merlin-compartments   [version 4.0.3]
2020 May 25 15:14:49 [main] handlePluginEngineEvent INFO  es.uvigo.ei.aibench.SplashFrame - Loaded merlin-exporter   [version 4.0.3]
2020 May 25 15:14:49 [main] handlePluginEngineEvent INFO  es.uvigo.ei.aibench.SplashFrame - Loaded merlin-gpr   [version 4.0.3]
2020 May 25 15:14:49 [main] handlePluginEngineEvent INFO  es.uvigo.ei.aibench.SplashFrame - Loaded merlin-gui   [version 4.0.3]
2020 May 25 15:14:49 [main] handlePluginEngineEvent INFO  es.uvigo.ei.aibench.SplashFrame - Loaded merlin-interpro   [version 4.0.3]
2020 May 25 15:14:49 [main] handlePluginEngineEvent INFO  es.uvigo.ei.aibench.SplashFrame - Loaded merlin-sampler   [version 4.0.3]
2020 May 25 15:14:49 [main] handlePluginEngineEvent INFO  es.uvigo.ei.aibench.SplashFrame - Loaded merlin-settings   [version 4.0.3]
2020 May 25 15:14:49 [main] handlePluginEngineEvent INFO  es.uvigo.ei.aibench.SplashFrame - Loaded merlin-transyt   [version 4.0.3]
2020 May 25 15:14:51 [AWT-EventQueue-0] putItemInSlot WARN  e.u.ei.aibench.workbench.MainWindow - slot not found to place some component: bottom
2020 May 25 15:16:56 [Thread-26] buildModel ERROR p.u.c.b.m.b.i.r.ContainerBuilder - null reaction metabolites for 1 R03718
2020 May 25 15:16:56 [Thread-26] buildModel ERROR p.u.c.b.m.b.i.r.ContainerBuilder - null reaction metabolites for 2 R03719
2020 May 25 15:16:56 [Thread-26] buildModel ERROR p.u.c.b.m.b.i.r.ContainerBuilder - null reaction metabolites for 3 R03710
2020 May 25 15:16:56 [Thread-26] buildModel ERROR p.u.c.b.m.b.i.r.ContainerBuilder - null reaction metabolites for 4 R03712
2020 May 25 15:16:56 [Thread-26] buildModel ERROR p.u.c.b.m.b.i.r.ContainerBuilder - null reaction metabolites for 5 R03711
2020 May 25 15:16:56 [Thread-26] buildModel ERROR p.u.c.b.m.b.i.r.ContainerBuilder - null reaction metabolites for 6 R03713
2020 May 25 15:16:56 [Thread-26] buildModel ERROR p.u.c.b.m.b.i.r.ContainerBuilder - null reaction metabolites for 7 R03716
2020 May 25 15:16:56 [Thread-26] buildModel ERROR p.u.c.b.m.b.i.r.ContainerBuilder - null reaction metabolites for 8 R03707
2020 May 25 15:16:56 [Thread-26] buildModel ERROR p.u.c.b.m.b.i.r.ContainerBuilder - null reaction metabolites for 9 R03706
2020 May 25 15:16:56 [Thread-26] buildModel ERROR p.u.c.b.m.b.i.r.ContainerBuilder - null reaction metabolites for 10 R03709
2020 May 25 15:17:13 [Thread-7] warn WARN  e.u.ei.aibench.workbench.Workbench - Compartments have not been integrated yet, there is nothing to clean!
2020 May 25 15:17:28 [AWT-EventQueue-0] getPropertyDescriptors WARN  e.u.e.a.workbench.MonitorizeDialog - Warning: progress bean property progress does not have a write method associated so it probably can't be updated
2020 May 25 15:17:28 [AWT-EventQueue-0] getPropertyDescriptors WARN  e.u.e.a.workbench.MonitorizeDialog - Warning: progress bean property task does not have a write method associated so it probably can't be updated
2020 May 25 15:17:28 [AWT-EventQueue-0] getPropertyDescriptors WARN  e.u.e.a.workbench.MonitorizeDialog - Warning: progress bean property time does not have a write method associated so it probably can't be updated
2020 May 25 15:17:28 [Thread-7] checkMembraneCompartment WARN  p.u.c.b.m.c.i.ModelCompartmentsIntegrationOperation - No membrane compartmentID defined!
2020 May 25 15:17:30 [Thread-9] info INFO  e.u.ei.aibench.workbench.Workbench - Compartments integration complete!
2020 May 25 15:17:41 [Thread-10] info INFO  e.u.ei.aibench.workbench.Workbench - all reactions assigned to the model removed!
2020 May 25 16:32:03 [Thread-7] warn WARN  e.u.ei.aibench.workbench.Workbench - Compartments have not been integrated yet, there is nothing to clean!
2020 May 25 16:32:24 [AWT-EventQueue-0] getPropertyDescriptors WARN  e.u.e.a.workbench.MonitorizeDialog - Warning: progress bean property progress does not have a write method associated so it probably can't be updated
2020 May 25 16:32:24 [AWT-EventQueue-0] getPropertyDescriptors WARN  e.u.e.a.workbench.MonitorizeDialog - Warning: progress bean property task does not have a write method associated so it probably can't be updated
2020 May 25 16:32:24 [AWT-EventQueue-0] getPropertyDescriptors WARN  e.u.e.a.workbench.MonitorizeDialog - Warning: progress bean property time does not have a write method associated so it probably can't be updated
2020 May 25 16:32:24 [Thread-7] checkMembraneCompartment WARN  p.u.c.b.m.c.i.ModelCompartmentsIntegrationOperation - No membrane compartmentID defined!
2020 May 25 16:32:57 [Thread-8] backupWorkspaceFolder INFO  p.u.c.b.m.m.workspace.CloneWorkspace - Copying workspace folder files...
2020 May 25 16:32:57 [AWT-EventQueue-0] getPropertyDescriptors WARN  e.u.e.a.workbench.MonitorizeDialog - Warning: progress bean property progress does not have a write method associated so it probably can't be updated
2020 May 25 16:32:57 [AWT-EventQueue-0] getPropertyDescriptors WARN  e.u.e.a.workbench.MonitorizeDialog - Warning: progress bean property task does not have a write method associated so it probably can't be updated
2020 May 25 16:32:57 [AWT-EventQueue-0] getPropertyDescriptors WARN  e.u.e.a.workbench.MonitorizeDialog - Warning: progress bean property time does not have a write method associated so it probably can't be updated
2020 May 25 16:32:57 [Thread-8] setWorkspaceNewName INFO  p.u.c.b.m.m.workspace.CloneWorkspace - exporting data...
2020 May 25 16:32:58 [Thread-9] info INFO  e.u.ei.aibench.workbench.Workbench - Compartments integration complete!
2020 May 25 16:33:03 [Thread-8] importWorkspaceFolder INFO  p.u.c.b.m.m.workspace.CloneWorkspace - Starting the ws folder files import...
2020 May 25 16:34:23 [AWT-EventQueue-0] cancel WARN  p.u.c.b.m.m.workspace.CloneWorkspace - export workspace operation canceled!
2020 May 25 16:34:23 [AWT-EventQueue-0] warn WARN  e.u.ei.aibench.workbench.Workbench - Please hold on. Your operation is being cancelled.
2020 May 25 16:36:05 [AWT-EventQueue-0] cancel WARN  p.u.c.b.m.m.workspace.CloneWorkspace - export workspace operation canceled!
2020 May 25 16:36:05 [AWT-EventQueue-0] warn WARN  e.u.ei.aibench.workbench.Workbench - Please hold on. Your operation is being cancelled.
