2020 mai 05 16:27:03 [main] handlePluginEngineEvent INFO  es.uvigo.ei.aibench.SplashFrame - Loaded AIBench Core   [version 2.10.2]
2020 mai 05 16:27:03 [main] handlePluginEngineEvent INFO  es.uvigo.ei.aibench.SplashFrame - Loaded AIBench Plugin Manager   [version 2.10.2]
2020 mai 05 16:27:03 [main] handlePluginEngineEvent INFO  es.uvigo.ei.aibench.SplashFrame - Loaded AIBench Workbench   [version 2.10.2]
2020 mai 05 16:27:03 [main] handlePluginEngineEvent INFO  es.uvigo.ei.aibench.SplashFrame - Loaded merlin-automatic-annotation   [version 4.0.3]
2020 mai 05 16:27:03 [main] handlePluginEngineEvent INFO  es.uvigo.ei.aibench.SplashFrame - Loaded merlin-biocoiso   [version 4.0.3]
2020 mai 05 16:27:03 [main] handlePluginEngineEvent INFO  es.uvigo.ei.aibench.SplashFrame - Loaded merlin-biomass   [version 4.0.3]
2020 mai 05 16:27:03 [main] handlePluginEngineEvent INFO  es.uvigo.ei.aibench.SplashFrame - Loaded merlin-compartments   [version 4.0.3]
2020 mai 05 16:27:03 [main] handlePluginEngineEvent INFO  es.uvigo.ei.aibench.SplashFrame - Loaded merlin-exporter   [version 4.0.3]
2020 mai 05 16:27:03 [main] handlePluginEngineEvent INFO  es.uvigo.ei.aibench.SplashFrame - Loaded merlin-gpr   [version 4.0.3]
2020 mai 05 16:27:04 [main] handlePluginEngineEvent INFO  es.uvigo.ei.aibench.SplashFrame - Loaded merlin-gui   [version 4.0.3]
2020 mai 05 16:27:04 [main] handlePluginEngineEvent INFO  es.uvigo.ei.aibench.SplashFrame - Loaded merlin-interpro   [version 4.0.3]
2020 mai 05 16:27:04 [main] handlePluginEngineEvent INFO  es.uvigo.ei.aibench.SplashFrame - Loaded merlin-sampler   [version 4.0.3]
2020 mai 05 16:27:04 [main] handlePluginEngineEvent INFO  es.uvigo.ei.aibench.SplashFrame - Loaded merlin-settings   [version 4.0.3]
2020 mai 05 16:27:04 [main] handlePluginEngineEvent INFO  es.uvigo.ei.aibench.SplashFrame - Loaded merlin-transyt   [version 4.0.3]
2020 mai 05 16:27:05 [AWT-EventQueue-0] putItemInSlot WARN  e.u.ei.aibench.workbench.MainWindow - slot not found to place some component: bottom
2020 mai 05 16:27:07 [PluginStart0] <init> ERROR e.u.e.s.a.p.PluginManager - No internet Connection
2020 mai 05 16:27:33 [AWT-EventQueue-0] updateComboBox WARN  p.u.c.b.m.g.jpanels.WorkspaceNewGUI - It was not possible to create a database service with validation method for database 'diogoDevelopmentCompartmentIntegration'! Retrying with uptade to the database structure!
2020 mai 05 16:27:35 [AWT-EventQueue-0] updateComboBox INFO  p.u.c.b.m.g.jpanels.WorkspaceNewGUI - Success with update method
2020 mai 05 16:27:54 [AWT-EventQueue-0] info INFO  e.u.ei.aibench.workbench.Workbench - workspace testRomeu successfuly created.
2020 mai 05 16:29:05 [Thread-6] info INFO  e.u.ei.aibench.workbench.Workbench - all genBank ftp files successfuly downloaded
2020 mai 05 16:30:01 [AWT-EventQueue-0] <init> INFO  u.a.e.u.d.c.u.i.JapiUniprotServiceImpl - UniProt Service is running against: https://www.ebi.ac.uk/proteins/api/proteins/japi
