2020 Jan 07 15:30:00 [main] handlePluginEngineEvent INFO  es.uvigo.ei.aibench.SplashFrame - Loaded merlin-addons   [version 4.0.2]
2020 Jan 07 15:30:00 [main] handlePluginEngineEvent INFO  es.uvigo.ei.aibench.SplashFrame - Loaded AIBench Core   [version 2.10.2]
2020 Jan 07 15:30:00 [main] handlePluginEngineEvent INFO  es.uvigo.ei.aibench.SplashFrame - Loaded AIBench Plugin Manager   [version 2.10.2]
2020 Jan 07 15:30:00 [main] handlePluginEngineEvent INFO  es.uvigo.ei.aibench.SplashFrame - Loaded AIBench Workbench   [version 2.10.2]
2020 Jan 07 15:30:00 [main] handlePluginEngineEvent INFO  es.uvigo.ei.aibench.SplashFrame - Loaded merlin-automatic-annotation   [version 4.0.2]
2020 Jan 07 15:30:00 [main] handlePluginEngineEvent INFO  es.uvigo.ei.aibench.SplashFrame - Loaded merlin-biocoiso   [version 4.0.2]
2020 Jan 07 15:30:00 [main] handlePluginEngineEvent INFO  es.uvigo.ei.aibench.SplashFrame - Loaded merlin-biomass   [version 4.0.2]
2020 Jan 07 15:30:00 [main] handlePluginEngineEvent INFO  es.uvigo.ei.aibench.SplashFrame - Loaded merlin-compartments   [version 4.0.2]
2020 Jan 07 15:30:00 [main] handlePluginEngineEvent INFO  es.uvigo.ei.aibench.SplashFrame - Loaded merlin-exporter   [version 4.0.2]
2020 Jan 07 15:30:00 [main] handlePluginEngineEvent INFO  es.uvigo.ei.aibench.SplashFrame - Loaded merlin-gpr   [version 4.0.2]
2020 Jan 07 15:30:00 [main] handlePluginEngineEvent INFO  es.uvigo.ei.aibench.SplashFrame - Loaded merlin-gui   [version 4.0.2]
2020 Jan 07 15:30:00 [main] handlePluginEngineEvent INFO  es.uvigo.ei.aibench.SplashFrame - Loaded merlin-interpro   [version 4.0.2]
2020 Jan 07 15:30:00 [main] handlePluginEngineEvent INFO  es.uvigo.ei.aibench.SplashFrame - Loaded merlin-sampler   [version 4.0.2]
2020 Jan 07 15:30:00 [main] handlePluginEngineEvent INFO  es.uvigo.ei.aibench.SplashFrame - Loaded merlin-settings   [version 4.0.2]
2020 Jan 07 15:30:00 [main] handlePluginEngineEvent INFO  es.uvigo.ei.aibench.SplashFrame - Loaded merlin-transyt   [version 4.0.2]
2020 Jan 07 15:30:00 [main] handlePluginEngineEvent INFO  es.uvigo.ei.aibench.SplashFrame - Loaded merlin-workspace-compatibility   [version 4.0.2]
2020 Jan 07 15:30:03 [AWT-EventQueue-0] putItemInSlot WARN  e.u.ei.aibench.workbench.MainWindow - slot not found to place some component: bottom
2020 Jan 07 15:30:19 [AWT-EventQueue-0] warn WARN  e.u.ei.aibench.workbench.Workbench - genome files not loaded!
2020 Jan 07 15:33:01 [AWT-EventQueue-0] info INFO  e.u.ei.aibench.workbench.Workbench - Reaction successfully removed!
2020 Jan 07 15:33:33 [AWT-EventQueue-0] info INFO  e.u.ei.aibench.workbench.Workbench - Reaction successfully removed!
2020 Jan 07 15:33:38 [AWT-EventQueue-0] info INFO  e.u.ei.aibench.workbench.Workbench - Reaction successfully removed!
2020 Jan 07 15:33:45 [AWT-EventQueue-0] info INFO  e.u.ei.aibench.workbench.Workbench - Reaction successfully added!
2020 Jan 07 15:37:15 [AWT-EventQueue-0] info INFO  e.u.ei.aibench.workbench.Workbench - Reaction successfully removed!
2020 Jan 07 15:38:10 [AWT-EventQueue-0] info INFO  e.u.ei.aibench.workbench.Workbench - Reaction successfully added!
2020 Jan 07 15:57:26 [AWT-EventQueue-0] info INFO  e.u.ei.aibench.workbench.Workbench - Reaction successfully removed!
2020 Jan 07 15:58:00 [AWT-EventQueue-0] info INFO  e.u.ei.aibench.workbench.Workbench - Reaction successfully added!
2020 Jan 07 16:05:46 [AWT-EventQueue-0] info INFO  e.u.ei.aibench.workbench.Workbench - Reaction successfully removed!
2020 Jan 07 16:06:03 [AWT-EventQueue-0] info INFO  e.u.ei.aibench.workbench.Workbench - Reaction successfully added!
2020 Jan 07 16:06:12 [AWT-EventQueue-0] info INFO  e.u.ei.aibench.workbench.Workbench - Reaction successfully added!
2020 Jan 07 16:06:18 [AWT-EventQueue-0] error ERROR e.u.ei.aibench.workbench.Workbench - java.lang.Exception: Reaction with the same name (R_test1) already exists. Aborting operation! You can either update the reaction or change its name!
2020 Jan 07 16:06:32 [AWT-EventQueue-0] info INFO  e.u.ei.aibench.workbench.Workbench - Reaction successfully removed!
2020 Jan 07 16:08:10 [AWT-EventQueue-0] info INFO  e.u.ei.aibench.workbench.Workbench - Reaction successfully removed!
2020 Jan 07 16:10:07 [AWT-EventQueue-0] info INFO  e.u.ei.aibench.workbench.Workbench - Reaction successfully edited!
2020 Jan 07 16:11:45 [AWT-EventQueue-0] info INFO  e.u.ei.aibench.workbench.Workbench - Reaction successfully removed!
