2020 May 26 12:32:40 [main] handlePluginEngineEvent INFO  es.uvigo.ei.aibench.SplashFrame - Loaded AIBench Core   [version 2.10.2]
2020 May 26 12:32:40 [main] handlePluginEngineEvent INFO  es.uvigo.ei.aibench.SplashFrame - Loaded AIBench Plugin Manager   [version 2.10.2]
2020 May 26 12:32:40 [main] handlePluginEngineEvent INFO  es.uvigo.ei.aibench.SplashFrame - Loaded AIBench Workbench   [version 2.10.2]
2020 May 26 12:32:40 [main] handlePluginEngineEvent INFO  es.uvigo.ei.aibench.SplashFrame - Loaded merlin-automatic-annotation   [version 4.0.3]
2020 May 26 12:32:40 [main] handlePluginEngineEvent INFO  es.uvigo.ei.aibench.SplashFrame - Loaded merlin-biocoiso   [version 4.0.3]
2020 May 26 12:32:40 [main] handlePluginEngineEvent INFO  es.uvigo.ei.aibench.SplashFrame - Loaded merlin-biomass   [version 4.0.3]
2020 May 26 12:32:40 [main] handlePluginEngineEvent INFO  es.uvigo.ei.aibench.SplashFrame - Loaded merlin-compartments   [version 4.0.3]
2020 May 26 12:32:40 [main] handlePluginEngineEvent INFO  es.uvigo.ei.aibench.SplashFrame - Loaded merlin-exporter   [version 4.0.3]
2020 May 26 12:32:40 [main] handlePluginEngineEvent INFO  es.uvigo.ei.aibench.SplashFrame - Loaded merlin-gpr   [version 4.0.3]
2020 May 26 12:32:40 [main] handlePluginEngineEvent INFO  es.uvigo.ei.aibench.SplashFrame - Loaded merlin-gui   [version 4.0.3]
2020 May 26 12:32:40 [main] handlePluginEngineEvent INFO  es.uvigo.ei.aibench.SplashFrame - Loaded merlin-interpro   [version 4.0.3]
2020 May 26 12:32:40 [main] handlePluginEngineEvent INFO  es.uvigo.ei.aibench.SplashFrame - Loaded merlin-sampler   [version 4.0.3]
2020 May 26 12:32:40 [main] handlePluginEngineEvent INFO  es.uvigo.ei.aibench.SplashFrame - Loaded merlin-settings   [version 4.0.3]
2020 May 26 12:32:40 [main] handlePluginEngineEvent INFO  es.uvigo.ei.aibench.SplashFrame - Loaded merlin-transyt   [version 4.0.3]
2020 May 26 12:32:42 [AWT-EventQueue-0] putItemInSlot WARN  e.u.ei.aibench.workbench.MainWindow - slot not found to place some component: bottom
2020 May 26 12:33:24 [AWT-EventQueue-0] getPropertyDescriptors WARN  e.u.e.a.workbench.MonitorizeDialog - Warning: progress bean property progress does not have a write method associated so it probably can't be updated
2020 May 26 12:33:24 [AWT-EventQueue-0] getPropertyDescriptors WARN  e.u.e.a.workbench.MonitorizeDialog - Warning: progress bean property task does not have a write method associated so it probably can't be updated
2020 May 26 12:33:24 [AWT-EventQueue-0] getPropertyDescriptors WARN  e.u.e.a.workbench.MonitorizeDialog - Warning: progress bean property time does not have a write method associated so it probably can't be updated
2020 May 26 12:33:24 [Thread-22] checkMembraneCompartment WARN  p.u.c.b.m.c.i.ModelCompartmentsIntegrationOperation - No membrane compartmentID defined!
2020 May 26 12:33:24 [Thread-21] backupWorkspaceFolder INFO  p.u.c.b.m.c.i.ModelCompartmentsIntegrationOperation - Copying workspace folder files...
2020 May 26 12:33:24 [Thread-21] initCloning INFO  p.u.c.b.m.c.i.ModelCompartmentsIntegrationOperation - exporting database to temporary files...
2020 May 26 12:33:37 [Thread-21] importWorkspaceFolder INFO  p.u.c.b.m.c.i.ModelCompartmentsIntegrationOperation - Starting the ws folder files import...
2020 May 26 12:34:22 [Thread-21] error ERROR e.u.ei.aibench.workbench.Workbench - java.lang.NullPointerException
2020 May 26 12:34:27 [Thread-21] error ERROR e.u.ei.aibench.workbench.Workbench - gene data for integration unavailable!
2020 May 26 12:34:38 [AWT-EventQueue-0] getPropertyDescriptors WARN  e.u.e.a.workbench.MonitorizeDialog - Warning: progress bean property progress does not have a write method associated so it probably can't be updated
2020 May 26 12:34:38 [AWT-EventQueue-0] getPropertyDescriptors WARN  e.u.e.a.workbench.MonitorizeDialog - Warning: progress bean property task does not have a write method associated so it probably can't be updated
2020 May 26 12:34:38 [AWT-EventQueue-0] getPropertyDescriptors WARN  e.u.e.a.workbench.MonitorizeDialog - Warning: progress bean property time does not have a write method associated so it probably can't be updated
2020 May 26 12:34:38 [Thread-21] checkMembraneCompartment WARN  p.u.c.b.m.c.i.ModelCompartmentsIntegrationOperation - No membrane compartmentID defined!
2020 May 26 12:34:39 [Thread-20] error ERROR e.u.ei.aibench.workbench.Workbench - java.lang.Exception: That workspace name is already in use, please enter a different one!
2020 May 26 12:34:59 [AWT-EventQueue-0] getPropertyDescriptors WARN  e.u.e.a.workbench.MonitorizeDialog - Warning: progress bean property progress does not have a write method associated so it probably can't be updated
2020 May 26 12:34:59 [AWT-EventQueue-0] getPropertyDescriptors WARN  e.u.e.a.workbench.MonitorizeDialog - Warning: progress bean property task does not have a write method associated so it probably can't be updated
2020 May 26 12:34:59 [AWT-EventQueue-0] getPropertyDescriptors WARN  e.u.e.a.workbench.MonitorizeDialog - Warning: progress bean property time does not have a write method associated so it probably can't be updated
2020 May 26 12:34:59 [Thread-20] checkMembraneCompartment WARN  p.u.c.b.m.c.i.ModelCompartmentsIntegrationOperation - No membrane compartmentID defined!
2020 May 26 12:34:59 [Thread-25] backupWorkspaceFolder INFO  p.u.c.b.m.c.i.ModelCompartmentsIntegrationOperation - Copying workspace folder files...
2020 May 26 12:34:59 [Thread-25] initCloning INFO  p.u.c.b.m.c.i.ModelCompartmentsIntegrationOperation - exporting database to temporary files...
2020 May 26 12:35:45 [Thread-25] importWorkspaceFolder INFO  p.u.c.b.m.c.i.ModelCompartmentsIntegrationOperation - Starting the ws folder files import...
