2020 Jan 08 10:00:01 [main] handlePluginEngineEvent INFO  es.uvigo.ei.aibench.SplashFrame - Loaded merlin-addons   [version 4.0.2]
2020 Jan 08 10:00:01 [main] handlePluginEngineEvent INFO  es.uvigo.ei.aibench.SplashFrame - Loaded AIBench Core   [version 2.10.2]
2020 Jan 08 10:00:01 [main] handlePluginEngineEvent INFO  es.uvigo.ei.aibench.SplashFrame - Loaded AIBench Plugin Manager   [version 2.10.2]
2020 Jan 08 10:00:01 [main] handlePluginEngineEvent INFO  es.uvigo.ei.aibench.SplashFrame - Loaded AIBench Workbench   [version 2.10.2]
2020 Jan 08 10:00:01 [main] handlePluginEngineEvent INFO  es.uvigo.ei.aibench.SplashFrame - Loaded merlin-automatic-annotation   [version 4.0.2]
2020 Jan 08 10:00:01 [main] handlePluginEngineEvent INFO  es.uvigo.ei.aibench.SplashFrame - Loaded merlin-biocoiso   [version 4.0.2]
2020 Jan 08 10:00:01 [main] handlePluginEngineEvent INFO  es.uvigo.ei.aibench.SplashFrame - Loaded merlin-biomass   [version 4.0.2]
2020 Jan 08 10:00:01 [main] handlePluginEngineEvent INFO  es.uvigo.ei.aibench.SplashFrame - Loaded merlin-compartments   [version 4.0.2]
2020 Jan 08 10:00:01 [main] handlePluginEngineEvent INFO  es.uvigo.ei.aibench.SplashFrame - Loaded merlin-exporter   [version 4.0.2]
2020 Jan 08 10:00:01 [main] handlePluginEngineEvent INFO  es.uvigo.ei.aibench.SplashFrame - Loaded merlin-gpr   [version 4.0.2]
2020 Jan 08 10:00:01 [main] handlePluginEngineEvent INFO  es.uvigo.ei.aibench.SplashFrame - Loaded merlin-gui   [version 4.0.2]
2020 Jan 08 10:00:01 [main] handlePluginEngineEvent INFO  es.uvigo.ei.aibench.SplashFrame - Loaded merlin-interpro   [version 4.0.2]
2020 Jan 08 10:00:01 [main] handlePluginEngineEvent INFO  es.uvigo.ei.aibench.SplashFrame - Loaded merlin-sampler   [version 4.0.2]
2020 Jan 08 10:00:01 [main] handlePluginEngineEvent INFO  es.uvigo.ei.aibench.SplashFrame - Loaded merlin-settings   [version 4.0.2]
2020 Jan 08 10:00:01 [main] handlePluginEngineEvent INFO  es.uvigo.ei.aibench.SplashFrame - Loaded merlin-transyt   [version 4.0.2]
2020 Jan 08 10:00:01 [main] handlePluginEngineEvent INFO  es.uvigo.ei.aibench.SplashFrame - Loaded merlin-workspace-compatibility   [version 4.0.2]
2020 Jan 08 10:00:05 [AWT-EventQueue-0] putItemInSlot WARN  e.u.ei.aibench.workbench.MainWindow - slot not found to place some component: bottom
2020 Jan 08 10:01:40 [AWT-EventQueue-0] info INFO  e.u.ei.aibench.workbench.Workbench - workspace diogoTestEcoli successfuly created.
2020 Jan 08 10:02:11 [AWT-EventQueue-0] warn WARN  e.u.ei.aibench.workbench.Workbench - genome files not loaded!
2020 Jan 08 10:03:07 [Thread-10] warn WARN  e.u.ei.aibench.workbench.Workbench - unable to download'.faa' and '.fna' genBank ftp files, please import files manually
