2020 jul 01 12:05:04 [main] handlePluginEngineEvent INFO  es.uvigo.ei.aibench.SplashFrame -
				Loaded merlin-addons   [version 4.0.3]
2020 jul 01 12:05:04 [main] handlePluginEngineEvent INFO  es.uvigo.ei.aibench.SplashFrame -
				Loaded AIBench Core   [version 2.10.2]
2020 jul 01 12:05:04 [main] handlePluginEngineEvent INFO  es.uvigo.ei.aibench.SplashFrame -
				Loaded AIBench Plugin Manager   [version 2.10.2]
2020 jul 01 12:05:04 [main] handlePluginEngineEvent INFO  es.uvigo.ei.aibench.SplashFrame -
				Loaded AIBench Workbench   [version 2.10.2]
2020 jul 01 12:05:04 [main] handlePluginEngineEvent INFO  es.uvigo.ei.aibench.SplashFrame -
				Loaded merlin-automatic-annotation   [version 4.0.3]
2020 jul 01 12:05:04 [main] handlePluginEngineEvent INFO  es.uvigo.ei.aibench.SplashFrame -
				Loaded merlin-biocoiso   [version 4.0.3]
2020 jul 01 12:05:04 [main] handlePluginEngineEvent INFO  es.uvigo.ei.aibench.SplashFrame -
				Loaded merlin-biomass   [version 4.0.3]
2020 jul 01 12:05:04 [main] handlePluginEngineEvent INFO  es.uvigo.ei.aibench.SplashFrame -
				Loaded merlin-compartments   [version 4.0.3]
2020 jul 01 12:05:04 [main] handlePluginEngineEvent INFO  es.uvigo.ei.aibench.SplashFrame -
				Loaded merlin-exporter   [version 4.0.3]
2020 jul 01 12:05:04 [main] handlePluginEngineEvent INFO  es.uvigo.ei.aibench.SplashFrame -
				Loaded merlin-gpr   [version 4.0.3]
2020 jul 01 12:05:04 [main] handlePluginEngineEvent INFO  es.uvigo.ei.aibench.SplashFrame -
				Loaded merlin-gui   [version 4.0.4]
2020 jul 01 12:05:04 [main] handlePluginEngineEvent INFO  es.uvigo.ei.aibench.SplashFrame -
				Loaded merlin-interpro   [version 4.0.3]
2020 jul 01 12:05:04 [main] handlePluginEngineEvent INFO  es.uvigo.ei.aibench.SplashFrame -
				Loaded merlin-sampler   [version 4.0.3]
2020 jul 01 12:05:04 [main] handlePluginEngineEvent INFO  es.uvigo.ei.aibench.SplashFrame -
				Loaded merlin-settings   [version 4.0.3]
2020 jul 01 12:05:04 [main] handlePluginEngineEvent INFO  es.uvigo.ei.aibench.SplashFrame -
				Loaded merlin-transyt   [version 4.0.4]
2020 jul 01 12:05:06 [AWT-EventQueue-0] putItemInSlot WARN  e.u.ei.aibench.workbench.MainWindow -
				slot not found to place some component: bottom
2020 jul 01 12:05:25 [AWT-EventQueue-0] info INFO  e.u.ei.aibench.workbench.Workbench -
				Files already manually imported
2020 jul 01 12:05:44 [AWT-EventQueue-0] getPropertyDescriptors WARN  e.u.e.a.workbench.MonitorizeDialog -
				Warning: progress bean property progress does not have a write method associated so it probably can't be updated
2020 jul 01 12:05:44 [AWT-EventQueue-0] getPropertyDescriptors WARN  e.u.e.a.workbench.MonitorizeDialog -
				Warning: progress bean property task does not have a write method associated so it probably can't be updated
2020 jul 01 12:05:44 [AWT-EventQueue-0] getPropertyDescriptors WARN  e.u.e.a.workbench.MonitorizeDialog -
				Warning: progress bean property time does not have a write method associated so it probably can't be updated
2020 jul 01 12:06:40 [Thread-37] error ERROR e.u.ei.aibench.workbench.Workbench -
				blast+ not found! Please install it or change 'method' parameter in
"\conf\gpr_settings.conf" file to 'smithwaterman' to run gprs identification.
