2020 Jun 16 16:45:30 [main] handlePluginEngineEvent INFO  es.uvigo.ei.aibench.SplashFrame - Loaded merlin-addons   [version 4.0.3]
2020 Jun 16 16:45:30 [main] handlePluginEngineEvent INFO  es.uvigo.ei.aibench.SplashFrame - Loaded AIBench Core   [version 2.10.2]
2020 Jun 16 16:45:30 [main] handlePluginEngineEvent INFO  es.uvigo.ei.aibench.SplashFrame - Loaded AIBench Plugin Manager   [version 2.10.2]
2020 Jun 16 16:45:30 [main] handlePluginEngineEvent INFO  es.uvigo.ei.aibench.SplashFrame - Loaded AIBench Workbench   [version 2.10.2]
2020 Jun 16 16:45:30 [main] handlePluginEngineEvent INFO  es.uvigo.ei.aibench.SplashFrame - Loaded merlin-automatic-annotation   [version 4.0.3]
2020 Jun 16 16:45:30 [main] handlePluginEngineEvent INFO  es.uvigo.ei.aibench.SplashFrame - Loaded merlin-biocoiso   [version 4.0.3]
2020 Jun 16 16:45:30 [main] handlePluginEngineEvent INFO  es.uvigo.ei.aibench.SplashFrame - Loaded merlin-biomass   [version 4.0.3]
2020 Jun 16 16:45:30 [main] handlePluginEngineEvent INFO  es.uvigo.ei.aibench.SplashFrame - Loaded merlin-compartments   [version 4.0.3]
2020 Jun 16 16:45:30 [main] handlePluginEngineEvent INFO  es.uvigo.ei.aibench.SplashFrame - Loaded merlin-exporter   [version 4.0.3]
2020 Jun 16 16:45:30 [main] handlePluginEngineEvent INFO  es.uvigo.ei.aibench.SplashFrame - Loaded merlin-gpr   [version 4.0.3]
2020 Jun 16 16:45:30 [main] handlePluginEngineEvent INFO  es.uvigo.ei.aibench.SplashFrame - Loaded merlin-gui   [version 4.0.3]
2020 Jun 16 16:45:30 [main] handlePluginEngineEvent INFO  es.uvigo.ei.aibench.SplashFrame - Loaded merlin-interpro   [version 4.0.3]
2020 Jun 16 16:45:30 [main] handlePluginEngineEvent INFO  es.uvigo.ei.aibench.SplashFrame - Loaded merlin-sampler   [version 4.0.3]
2020 Jun 16 16:45:30 [main] handlePluginEngineEvent INFO  es.uvigo.ei.aibench.SplashFrame - Loaded merlin-settings   [version 4.0.3]
2020 Jun 16 16:45:30 [main] handlePluginEngineEvent INFO  es.uvigo.ei.aibench.SplashFrame - Loaded merlin-transyt   [version 4.0.3]
2020 Jun 16 16:45:31 [AWT-EventQueue-0] putItemInSlot WARN  e.u.ei.aibench.workbench.MainWindow - slot not found to place some component: bottom
2020 Jun 16 16:46:41 [AWT-EventQueue-0] getPropertyDescriptors WARN  e.u.e.a.workbench.MonitorizeDialog - Warning: progress bean property progress does not have a write method associated so it probably can't be updated
2020 Jun 16 16:46:41 [AWT-EventQueue-0] getPropertyDescriptors WARN  e.u.e.a.workbench.MonitorizeDialog - Warning: progress bean property task does not have a write method associated so it probably can't be updated
2020 Jun 16 16:46:41 [AWT-EventQueue-0] getPropertyDescriptors WARN  e.u.e.a.workbench.MonitorizeDialog - Warning: progress bean property time does not have a write method associated so it probably can't be updated
2020 Jun 16 16:46:41 [Thread-22] checkMembraneCompartment WARN  p.u.c.b.m.c.i.ModelCompartmentsIntegrationOperation - No membrane compartmentID defined!
2020 Jun 16 16:47:17 [AWT-EventQueue-0] warn WARN  e.u.ei.aibench.workbench.Workbench - operation canceled!
