2020 Jun 12 14:30:55 [main] handlePluginEngineEvent INFO  es.uvigo.ei.aibench.SplashFrame - Loaded merlin-addons   [version 4.0.3]
2020 Jun 12 14:30:55 [main] handlePluginEngineEvent INFO  es.uvigo.ei.aibench.SplashFrame - Loaded AIBench Core   [version 2.10.2]
2020 Jun 12 14:30:55 [main] handlePluginEngineEvent INFO  es.uvigo.ei.aibench.SplashFrame - Loaded AIBench Plugin Manager   [version 2.10.2]
2020 Jun 12 14:30:55 [main] handlePluginEngineEvent INFO  es.uvigo.ei.aibench.SplashFrame - Loaded AIBench Workbench   [version 2.10.2]
2020 Jun 12 14:30:55 [main] handlePluginEngineEvent INFO  es.uvigo.ei.aibench.SplashFrame - Loaded merlin-automatic-annotation   [version 4.0.3]
2020 Jun 12 14:30:55 [main] handlePluginEngineEvent INFO  es.uvigo.ei.aibench.SplashFrame - Loaded merlin-biocoiso   [version 4.0.3]
2020 Jun 12 14:30:55 [main] handlePluginEngineEvent INFO  es.uvigo.ei.aibench.SplashFrame - Loaded merlin-biomass   [version 4.0.3]
2020 Jun 12 14:30:55 [main] handlePluginEngineEvent INFO  es.uvigo.ei.aibench.SplashFrame - Loaded merlin-compartments   [version 4.0.3]
2020 Jun 12 14:30:55 [main] handlePluginEngineEvent INFO  es.uvigo.ei.aibench.SplashFrame - Loaded merlin-exporter   [version 4.0.3]
2020 Jun 12 14:30:55 [main] handlePluginEngineEvent INFO  es.uvigo.ei.aibench.SplashFrame - Loaded merlin-gpr   [version 4.0.3]
2020 Jun 12 14:30:55 [main] handlePluginEngineEvent INFO  es.uvigo.ei.aibench.SplashFrame - Loaded merlin-gui   [version 4.0.3]
2020 Jun 12 14:30:55 [main] handlePluginEngineEvent INFO  es.uvigo.ei.aibench.SplashFrame - Loaded merlin-interpro   [version 4.0.3]
2020 Jun 12 14:30:55 [main] handlePluginEngineEvent INFO  es.uvigo.ei.aibench.SplashFrame - Loaded merlin-sampler   [version 4.0.3]
2020 Jun 12 14:30:55 [main] handlePluginEngineEvent INFO  es.uvigo.ei.aibench.SplashFrame - Loaded merlin-settings   [version 4.0.3]
2020 Jun 12 14:30:55 [main] handlePluginEngineEvent INFO  es.uvigo.ei.aibench.SplashFrame - Loaded merlin-transyt   [version 4.0.3]
2020 Jun 12 14:30:58 [AWT-EventQueue-0] putItemInSlot WARN  e.u.ei.aibench.workbench.MainWindow - slot not found to place some component: bottom
2020 Jun 12 14:31:18 [AWT-EventQueue-0] itemStateChanged WARN  p.u.c.b.m.g.jpanels.WorkspaceNewGUI - It was not possible to create a database service with validation method for database 'toyModelEcoliMiguel'! Retrying with uptade to the database structure!
2020 Jun 12 14:31:21 [AWT-EventQueue-0] itemStateChanged INFO  p.u.c.b.m.g.jpanels.WorkspaceNewGUI - Success with update method
2020 Jun 12 14:31:37 [AWT-EventQueue-0] getPropertyDescriptors WARN  e.u.e.a.workbench.MonitorizeDialog - Warning: progress bean property progress does not have a write method associated so it probably can't be updated
2020 Jun 12 14:31:37 [AWT-EventQueue-0] getPropertyDescriptors WARN  e.u.e.a.workbench.MonitorizeDialog - Warning: progress bean property task does not have a write method associated so it probably can't be updated
2020 Jun 12 14:31:37 [AWT-EventQueue-0] getPropertyDescriptors WARN  e.u.e.a.workbench.MonitorizeDialog - Warning: progress bean property time does not have a write method associated so it probably can't be updated
2020 Jun 12 14:31:38 [Thread-22] checkMembraneCompartment WARN  p.u.c.b.m.c.i.ModelCompartmentsIntegrationOperation - No membrane compartmentID defined!
2020 Jun 12 14:32:04 [AWT-EventQueue-0] getPropertyDescriptors WARN  e.u.e.a.workbench.MonitorizeDialog - Warning: progress bean property progress does not have a write method associated so it probably can't be updated
2020 Jun 12 14:32:04 [AWT-EventQueue-0] getPropertyDescriptors WARN  e.u.e.a.workbench.MonitorizeDialog - Warning: progress bean property task does not have a write method associated so it probably can't be updated
2020 Jun 12 14:32:04 [AWT-EventQueue-0] getPropertyDescriptors WARN  e.u.e.a.workbench.MonitorizeDialog - Warning: progress bean property time does not have a write method associated so it probably can't be updated
2020 Jun 12 14:32:04 [Thread-21] error ERROR e.u.ei.aibench.workbench.Workbench - java.lang.NullPointerException
2020 Jun 12 14:32:44 [Thread-40] buildModel ERROR p.u.c.b.m.b.i.r.ContainerBuilder - null reaction metabolites for 1 R03718
2020 Jun 12 14:32:44 [Thread-40] buildModel ERROR p.u.c.b.m.b.i.r.ContainerBuilder - null reaction metabolites for 2 R03719
2020 Jun 12 14:32:44 [Thread-40] buildModel ERROR p.u.c.b.m.b.i.r.ContainerBuilder - null reaction metabolites for 3 R03710
2020 Jun 12 14:32:44 [Thread-40] buildModel ERROR p.u.c.b.m.b.i.r.ContainerBuilder - null reaction metabolites for 4 R03712
2020 Jun 12 14:32:44 [Thread-40] buildModel ERROR p.u.c.b.m.b.i.r.ContainerBuilder - null reaction metabolites for 5 R03711
2020 Jun 12 14:32:44 [Thread-40] buildModel ERROR p.u.c.b.m.b.i.r.ContainerBuilder - null reaction metabolites for 6 R03713
2020 Jun 12 14:32:44 [Thread-40] buildModel ERROR p.u.c.b.m.b.i.r.ContainerBuilder - null reaction metabolites for 7 R03716
2020 Jun 12 14:32:44 [Thread-40] buildModel ERROR p.u.c.b.m.b.i.r.ContainerBuilder - null reaction metabolites for 8 R03707
2020 Jun 12 14:32:44 [Thread-40] buildModel ERROR p.u.c.b.m.b.i.r.ContainerBuilder - null reaction metabolites for 9 R03706
2020 Jun 12 14:32:44 [Thread-40] buildModel ERROR p.u.c.b.m.b.i.r.ContainerBuilder - null reaction metabolites for 10 R03709
2020 Jun 12 14:32:55 [Thread-46] buildModel ERROR p.u.c.b.m.b.i.r.ContainerBuilder - null reaction metabolites for 1 R03718
2020 Jun 12 14:32:55 [Thread-46] buildModel ERROR p.u.c.b.m.b.i.r.ContainerBuilder - null reaction metabolites for 2 R03719
2020 Jun 12 14:32:55 [Thread-46] buildModel ERROR p.u.c.b.m.b.i.r.ContainerBuilder - null reaction metabolites for 3 R03710
2020 Jun 12 14:32:55 [Thread-46] buildModel ERROR p.u.c.b.m.b.i.r.ContainerBuilder - null reaction metabolites for 4 R03712
2020 Jun 12 14:32:55 [Thread-46] buildModel ERROR p.u.c.b.m.b.i.r.ContainerBuilder - null reaction metabolites for 5 R03711
2020 Jun 12 14:32:55 [Thread-46] buildModel ERROR p.u.c.b.m.b.i.r.ContainerBuilder - null reaction metabolites for 6 R03713
2020 Jun 12 14:32:55 [Thread-46] buildModel ERROR p.u.c.b.m.b.i.r.ContainerBuilder - null reaction metabolites for 7 R03716
2020 Jun 12 14:32:55 [Thread-46] buildModel ERROR p.u.c.b.m.b.i.r.ContainerBuilder - null reaction metabolites for 8 R03707
2020 Jun 12 14:32:55 [Thread-46] buildModel ERROR p.u.c.b.m.b.i.r.ContainerBuilder - null reaction metabolites for 9 R03706
2020 Jun 12 14:32:55 [Thread-46] buildModel ERROR p.u.c.b.m.b.i.r.ContainerBuilder - null reaction metabolites for 10 R03709
2020 Jun 12 14:34:06 [Thread-21] error ERROR e.u.ei.aibench.workbench.Workbench - java.lang.NullPointerException
2020 Jun 12 14:34:06 [AWT-EventQueue-0] getPropertyDescriptors WARN  e.u.e.a.workbench.MonitorizeDialog - Warning: progress bean property progress does not have a write method associated so it probably can't be updated
2020 Jun 12 14:34:06 [AWT-EventQueue-0] getPropertyDescriptors WARN  e.u.e.a.workbench.MonitorizeDialog - Warning: progress bean property task does not have a write method associated so it probably can't be updated
2020 Jun 12 14:34:06 [AWT-EventQueue-0] getPropertyDescriptors WARN  e.u.e.a.workbench.MonitorizeDialog - Warning: progress bean property time does not have a write method associated so it probably can't be updated
2020 Jun 12 14:34:09 [Thread-20] checkMembraneCompartment WARN  p.u.c.b.m.c.i.ModelCompartmentsIntegrationOperation - No membrane compartmentID defined!
