2020 jul 10 14:09:15 [main] handlePluginEngineEvent INFO  es.uvigo.ei.aibench.SplashFrame -
				Loaded merlin-addons   [version 4.0.3]
2020 jul 10 14:09:15 [main] handlePluginEngineEvent INFO  es.uvigo.ei.aibench.SplashFrame -
				Loaded AIBench Core   [version 2.10.2]
2020 jul 10 14:09:15 [main] handlePluginEngineEvent INFO  es.uvigo.ei.aibench.SplashFrame -
				Loaded AIBench Plugin Manager   [version 2.10.2]
2020 jul 10 14:09:15 [main] handlePluginEngineEvent INFO  es.uvigo.ei.aibench.SplashFrame -
				Loaded AIBench Workbench   [version 2.10.2]
2020 jul 10 14:09:15 [main] handlePluginEngineEvent INFO  es.uvigo.ei.aibench.SplashFrame -
				Loaded merlin-automatic-annotation   [version 4.0.3]
2020 jul 10 14:09:15 [main] handlePluginEngineEvent INFO  es.uvigo.ei.aibench.SplashFrame -
				Loaded merlin-biocoiso   [version 4.0.3]
2020 jul 10 14:09:15 [main] handlePluginEngineEvent INFO  es.uvigo.ei.aibench.SplashFrame -
				Loaded merlin-biomass   [version 4.0.3]
2020 jul 10 14:09:15 [main] handlePluginEngineEvent INFO  es.uvigo.ei.aibench.SplashFrame -
				Loaded merlin-compartments   [version 4.0.3]
2020 jul 10 14:09:15 [main] handlePluginEngineEvent INFO  es.uvigo.ei.aibench.SplashFrame -
				Loaded merlin-exporter   [version 4.0.3]
2020 jul 10 14:09:15 [main] handlePluginEngineEvent INFO  es.uvigo.ei.aibench.SplashFrame -
				Loaded merlin-gpr   [version 4.0.4]
2020 jul 10 14:09:15 [main] handlePluginEngineEvent INFO  es.uvigo.ei.aibench.SplashFrame -
				Loaded merlin-gui   [version 4.0.4]
2020 jul 10 14:09:15 [main] handlePluginEngineEvent INFO  es.uvigo.ei.aibench.SplashFrame -
				Loaded merlin-interpro   [version 4.0.3]
2020 jul 10 14:09:15 [main] handlePluginEngineEvent INFO  es.uvigo.ei.aibench.SplashFrame -
				Loaded merlin-sampler   [version 4.0.3]
2020 jul 10 14:09:15 [main] handlePluginEngineEvent INFO  es.uvigo.ei.aibench.SplashFrame -
				Loaded merlin-settings   [version 4.0.3]
2020 jul 10 14:09:15 [main] handlePluginEngineEvent INFO  es.uvigo.ei.aibench.SplashFrame -
				Loaded merlin-transyt   [version 4.0.4]
2020 jul 10 14:09:17 [AWT-EventQueue-0] putItemInSlot WARN  e.u.ei.aibench.workbench.MainWindow -
				slot not found to place some component: bottom
2020 jul 10 14:09:40 [AWT-EventQueue-0] warn WARN  e.u.ei.aibench.workbench.Workbench -
				genome files not loaded!
2020 jul 10 14:10:28 [AWT-EventQueue-0] info INFO  e.u.ei.aibench.workbench.Workbench -
				Reaction successfully added!
2020 jul 10 14:11:05 [AWT-EventQueue-0] error ERROR e.u.ei.aibench.workbench.Workbench -
				java.lang.Exception: Reaction with the same name (R_test_r) already exists. Aborting operation! You can either update the reaction or change its name!
2020 jul 10 14:12:18 [AWT-EventQueue-0] info INFO  e.u.ei.aibench.workbench.Workbench -
				workspace DiogoDebug closed!
2020 jul 10 14:12:34 [AWT-EventQueue-0] itemStateChanged WARN  p.u.c.b.m.g.jpanels.WorkspaceNewGUI -
				It was not possible to create a database service with validation method for database 'test'! Retrying with uptade to the database structure!
2020 jul 10 14:12:53 [AWT-EventQueue-0] error ERROR e.u.ei.aibench.workbench.Workbench -
				org.hibernate.exception.JDBCConnectionException: Error accessing tables metadata
2020 jul 10 14:13:06 [AWT-EventQueue-0] warn WARN  e.u.ei.aibench.workbench.Workbench -
				genome files not loaded!
2020 jul 10 14:13:21 [AWT-EventQueue-0] info INFO  e.u.ei.aibench.workbench.Workbench -
				Reaction successfully added!
