2020 Jun 26 16:18:45 [main] handlePluginEngineEvent INFO  es.uvigo.ei.aibench.SplashFrame -
				Loaded merlin-addons   [version 4.0.3]
2020 Jun 26 16:18:45 [main] handlePluginEngineEvent INFO  es.uvigo.ei.aibench.SplashFrame -
				Loaded AIBench Core   [version 2.10.2]
2020 Jun 26 16:18:45 [main] handlePluginEngineEvent INFO  es.uvigo.ei.aibench.SplashFrame -
				Loaded AIBench Plugin Manager   [version 2.10.2]
2020 Jun 26 16:18:45 [main] handlePluginEngineEvent INFO  es.uvigo.ei.aibench.SplashFrame -
				Loaded AIBench Workbench   [version 2.10.2]
2020 Jun 26 16:18:45 [main] handlePluginEngineEvent INFO  es.uvigo.ei.aibench.SplashFrame -
				Loaded merlin-automatic-annotation   [version 4.0.3]
2020 Jun 26 16:18:45 [main] handlePluginEngineEvent INFO  es.uvigo.ei.aibench.SplashFrame -
				Loaded merlin-biocoiso   [version 4.0.3]
2020 Jun 26 16:18:45 [main] handlePluginEngineEvent INFO  es.uvigo.ei.aibench.SplashFrame -
				Loaded merlin-biomass   [version 4.0.3]
2020 Jun 26 16:18:45 [main] handlePluginEngineEvent INFO  es.uvigo.ei.aibench.SplashFrame -
				Loaded merlin-compartments   [version 4.0.3]
2020 Jun 26 16:18:45 [main] handlePluginEngineEvent INFO  es.uvigo.ei.aibench.SplashFrame -
				Loaded merlin-exporter   [version 4.0.3]
2020 Jun 26 16:18:45 [main] handlePluginEngineEvent INFO  es.uvigo.ei.aibench.SplashFrame -
				Loaded merlin-gpr   [version 4.0.3]
2020 Jun 26 16:18:45 [main] handlePluginEngineEvent INFO  es.uvigo.ei.aibench.SplashFrame -
				Loaded merlin-gui   [version 4.0.3]
2020 Jun 26 16:18:45 [main] handlePluginEngineEvent INFO  es.uvigo.ei.aibench.SplashFrame -
				Loaded merlin-interpro   [version 4.0.3]
2020 Jun 26 16:18:45 [main] handlePluginEngineEvent INFO  es.uvigo.ei.aibench.SplashFrame -
				Loaded merlin-sampler   [version 4.0.3]
2020 Jun 26 16:18:45 [main] handlePluginEngineEvent INFO  es.uvigo.ei.aibench.SplashFrame -
				Loaded merlin-settings   [version 4.0.3]
2020 Jun 26 16:18:45 [main] handlePluginEngineEvent INFO  es.uvigo.ei.aibench.SplashFrame -
				Loaded merlin-transyt   [version 4.0.3]
2020 Jun 26 16:18:46 [AWT-EventQueue-0] putItemInSlot WARN  e.u.ei.aibench.workbench.MainWindow -
				slot not found to place some component: bottom
2020 Jun 26 16:19:03 [AWT-EventQueue-0] info INFO  e.u.ei.aibench.workbench.Workbench -
				Files already manually imported
