2020 Jan 07 11:20:01 [main] handlePluginEngineEvent INFO  es.uvigo.ei.aibench.SplashFrame - Loaded merlin-addons   [version 4.0.2]
2020 Jan 07 11:20:01 [main] handlePluginEngineEvent INFO  es.uvigo.ei.aibench.SplashFrame - Loaded AIBench Core   [version 2.10.2]
2020 Jan 07 11:20:01 [main] handlePluginEngineEvent INFO  es.uvigo.ei.aibench.SplashFrame - Loaded AIBench Plugin Manager   [version 2.10.2]
2020 Jan 07 11:20:01 [main] handlePluginEngineEvent INFO  es.uvigo.ei.aibench.SplashFrame - Loaded AIBench Workbench   [version 2.10.2]
2020 Jan 07 11:20:01 [main] handlePluginEngineEvent INFO  es.uvigo.ei.aibench.SplashFrame - Loaded merlin-automatic-annotation   [version 4.0.2]
2020 Jan 07 11:20:01 [main] handlePluginEngineEvent INFO  es.uvigo.ei.aibench.SplashFrame - Loaded merlin-biocoiso   [version 4.0.2]
2020 Jan 07 11:20:01 [main] handlePluginEngineEvent INFO  es.uvigo.ei.aibench.SplashFrame - Loaded merlin-biomass   [version 4.0.2]
2020 Jan 07 11:20:01 [main] handlePluginEngineEvent INFO  es.uvigo.ei.aibench.SplashFrame - Loaded merlin-compartments   [version 4.0.2]
2020 Jan 07 11:20:01 [main] handlePluginEngineEvent INFO  es.uvigo.ei.aibench.SplashFrame - Loaded merlin-exporter   [version 4.0.2]
2020 Jan 07 11:20:01 [main] handlePluginEngineEvent INFO  es.uvigo.ei.aibench.SplashFrame - Loaded merlin-gpr   [version 4.0.2]
2020 Jan 07 11:20:01 [main] handlePluginEngineEvent INFO  es.uvigo.ei.aibench.SplashFrame - Loaded merlin-gui   [version 4.0.2]
2020 Jan 07 11:20:01 [main] handlePluginEngineEvent INFO  es.uvigo.ei.aibench.SplashFrame - Loaded merlin-interpro   [version 4.0.2]
2020 Jan 07 11:20:01 [main] handlePluginEngineEvent INFO  es.uvigo.ei.aibench.SplashFrame - Loaded merlin-sampler   [version 4.0.2]
2020 Jan 07 11:20:01 [main] handlePluginEngineEvent INFO  es.uvigo.ei.aibench.SplashFrame - Loaded merlin-settings   [version 4.0.2]
2020 Jan 07 11:20:01 [main] handlePluginEngineEvent INFO  es.uvigo.ei.aibench.SplashFrame - Loaded merlin-transyt   [version 4.0.2]
2020 Jan 07 11:20:01 [main] handlePluginEngineEvent INFO  es.uvigo.ei.aibench.SplashFrame - Loaded merlin-workspace-compatibility   [version 4.0.2]
2020 Jan 07 11:20:02 [AWT-EventQueue-0] putItemInSlot WARN  e.u.ei.aibench.workbench.MainWindow - slot not found to place some component: bottom
2020 Jan 07 11:20:59 [AWT-EventQueue-0] info INFO  e.u.ei.aibench.workbench.Workbench - Reaction successfully edited!
2020 Jan 07 11:21:40 [AWT-EventQueue-0] info INFO  e.u.ei.aibench.workbench.Workbench - Reaction successfully edited!
2020 Jan 07 11:23:07 [AWT-EventQueue-0] info INFO  e.u.ei.aibench.workbench.Workbench - Reaction successfully edited!
2020 Jan 07 11:29:44 [AWT-EventQueue-0] info INFO  e.u.ei.aibench.workbench.Workbench - Reaction successfully edited!
2020 Jan 07 11:34:32 [AWT-EventQueue-0] info INFO  e.u.ei.aibench.workbench.Workbench - Reaction successfully added!
2020 Jan 07 11:35:36 [AWT-EventQueue-0] info INFO  e.u.ei.aibench.workbench.Workbench - Reaction successfully added!
2020 Jan 07 11:37:30 [AWT-EventQueue-0] info INFO  e.u.ei.aibench.workbench.Workbench - The end was reached!
 Starting from the top.
2020 Jan 07 11:38:19 [AWT-EventQueue-0] info INFO  e.u.ei.aibench.workbench.Workbench - Reaction successfully added!
2020 Jan 07 11:41:25 [AWT-EventQueue-0] error ERROR e.u.ei.aibench.workbench.Workbench - java.lang.Exception: Reaction with the same name (R_test) already exists. Aborting operation! You can either update the reaction or change its name!
2020 Jan 07 11:42:43 [AWT-EventQueue-0] info INFO  e.u.ei.aibench.workbench.Workbench - The end was reached!
 Starting from the top.
2020 Jan 07 11:42:53 [AWT-EventQueue-0] info INFO  e.u.ei.aibench.workbench.Workbench - The end was reached!
 Starting from the top.
2020 Jan 07 11:43:07 [AWT-EventQueue-0] error ERROR e.u.ei.aibench.workbench.Workbench - java.lang.Exception: Reaction with the same name (R_test1) already exists. Aborting operation! You can either update the reaction or change its name!
2020 Jan 07 11:43:18 [AWT-EventQueue-0] info INFO  e.u.ei.aibench.workbench.Workbench - Reaction successfully added!
2020 Jan 07 11:43:53 [AWT-EventQueue-0] info INFO  e.u.ei.aibench.workbench.Workbench - Reaction successfully removed!
2020 Jan 07 11:52:50 [AWT-EventQueue-0] info INFO  e.u.ei.aibench.workbench.Workbench - Reaction successfully added!
2020 Jan 07 11:53:58 [AWT-EventQueue-0] info INFO  e.u.ei.aibench.workbench.Workbench - Reaction successfully removed!
2020 Jan 07 12:01:03 [AWT-EventQueue-0] info INFO  e.u.ei.aibench.workbench.Workbench - Reaction successfully added!
2020 Jan 07 12:03:02 [AWT-EventQueue-0] info INFO  e.u.ei.aibench.workbench.Workbench - Reaction successfully removed!
2020 Jan 07 13:57:17 [AWT-EventQueue-0] info INFO  e.u.ei.aibench.workbench.Workbench - Reaction successfully added!
2020 Jan 07 14:30:55 [AWT-EventQueue-0] info INFO  e.u.ei.aibench.workbench.Workbench - Reaction successfully removed!
2020 Jan 07 14:31:12 [AWT-EventQueue-0] info INFO  e.u.ei.aibench.workbench.Workbench - workspace cork_v4 closed!
2020 Jan 07 14:31:29 [AWT-EventQueue-0] updateComboBox WARN  p.u.c.b.m.g.jpanels.WorkspaceNewGUI - It was not possible to create a database service with validation method for database 'quercus_suber_v4'! Retrying with uptade to the database structure!
2020 Jan 07 14:31:31 [AWT-EventQueue-0] updateComboBox INFO  p.u.c.b.m.g.jpanels.WorkspaceNewGUI - Success with update method
2020 Jan 07 14:31:45 [AWT-EventQueue-0] info INFO  e.u.ei.aibench.workbench.Workbench - workspace debugEcoli successfuly created.
2020 Jan 07 14:33:21 [Thread-42] warn WARN  e.u.ei.aibench.workbench.Workbench - unable to download'.faa' and '.fna' genBank ftp files, please import files manually
2020 Jan 07 14:33:23 [Thread-42] warn WARN  e.u.ei.aibench.workbench.Workbench - unable to download rna_from_genomic.fna file, from genBank ftp, please import file manually
2020 Jan 07 14:33:39 [AWT-EventQueue-0] info INFO  e.u.ei.aibench.workbench.Workbench - workspace quercus_suber_v4 closed!
2020 Jan 07 14:34:20 [AWT-EventQueue-0] info INFO  e.u.ei.aibench.workbench.Workbench - workspace DiogoDebug successfuly created.
2020 Jan 07 14:35:21 [Thread-20] warn WARN  e.u.ei.aibench.workbench.Workbench - unable to download'.faa' and '.fna' genBank ftp files, please import files manually
2020 Jan 07 14:35:27 [Thread-20] warn WARN  e.u.ei.aibench.workbench.Workbench - unable to download rna_from_genomic.fna file, from genBank ftp, please import file manually
2020 Jan 07 14:40:21 [AWT-EventQueue-0] getPropertyDescriptors WARN  e.u.e.a.workbench.MonitorizeDialog - Warning: progress bean property progress does not have a write method associated so it probably can't be updated
2020 Jan 07 14:40:21 [AWT-EventQueue-0] getPropertyDescriptors WARN  e.u.e.a.workbench.MonitorizeDialog - Warning: progress bean property task does not have a write method associated so it probably can't be updated
2020 Jan 07 14:40:21 [AWT-EventQueue-0] getPropertyDescriptors WARN  e.u.e.a.workbench.MonitorizeDialog - Warning: progress bean property time does not have a write method associated so it probably can't be updated
2020 Jan 07 14:48:17 [Thread-21] info INFO  e.u.ei.aibench.workbench.Workbench - metabolic data successfully loaded
2020 Jan 07 14:54:50 [AWT-EventQueue-0] info INFO  e.u.ei.aibench.workbench.Workbench - Reaction successfully removed!
2020 Jan 07 15:05:43 [AWT-EventQueue-0] info INFO  e.u.ei.aibench.workbench.Workbench - Reaction successfully removed!
2020 Jan 07 15:09:21 [AWT-EventQueue-0] info INFO  e.u.ei.aibench.workbench.Workbench - Reaction successfully removed!
2020 Jan 07 15:09:28 [AWT-EventQueue-0] info INFO  e.u.ei.aibench.workbench.Workbench - Reaction successfully removed!
2020 Jan 07 15:12:56 [AWT-EventQueue-0] info INFO  e.u.ei.aibench.workbench.Workbench - Reaction successfully removed!
2020 Jan 07 15:13:05 [AWT-EventQueue-0] info INFO  e.u.ei.aibench.workbench.Workbench - Reaction successfully removed!
