2020 Jan 06 15:54:56 [main] handlePluginEngineEvent INFO  es.uvigo.ei.aibench.SplashFrame - Loaded merlin-addons   [version 4.0.2]
2020 Jan 06 15:54:56 [main] handlePluginEngineEvent INFO  es.uvigo.ei.aibench.SplashFrame - Loaded AIBench Core   [version 2.10.2]
2020 Jan 06 15:54:56 [main] handlePluginEngineEvent INFO  es.uvigo.ei.aibench.SplashFrame - Loaded AIBench Plugin Manager   [version 2.10.2]
2020 Jan 06 15:54:56 [main] handlePluginEngineEvent INFO  es.uvigo.ei.aibench.SplashFrame - Loaded AIBench Workbench   [version 2.10.2]
2020 Jan 06 15:54:56 [main] handlePluginEngineEvent INFO  es.uvigo.ei.aibench.SplashFrame - Loaded merlin-automatic-annotation   [version 4.0.2]
2020 Jan 06 15:54:56 [main] handlePluginEngineEvent INFO  es.uvigo.ei.aibench.SplashFrame - Loaded merlin-biocoiso   [version 4.0.2]
2020 Jan 06 15:54:56 [main] handlePluginEngineEvent INFO  es.uvigo.ei.aibench.SplashFrame - Loaded merlin-biomass   [version 4.0.2]
2020 Jan 06 15:54:56 [main] handlePluginEngineEvent INFO  es.uvigo.ei.aibench.SplashFrame - Loaded merlin-compartments   [version 4.0.2]
2020 Jan 06 15:54:56 [main] handlePluginEngineEvent INFO  es.uvigo.ei.aibench.SplashFrame - Loaded merlin-exporter   [version 4.0.2]
2020 Jan 06 15:54:56 [main] handlePluginEngineEvent INFO  es.uvigo.ei.aibench.SplashFrame - Loaded merlin-gpr   [version 4.0.2]
2020 Jan 06 15:54:56 [main] handlePluginEngineEvent INFO  es.uvigo.ei.aibench.SplashFrame - Loaded merlin-gui   [version 4.0.2]
2020 Jan 06 15:54:56 [main] handlePluginEngineEvent INFO  es.uvigo.ei.aibench.SplashFrame - Loaded merlin-interpro   [version 4.0.2]
2020 Jan 06 15:54:56 [main] handlePluginEngineEvent INFO  es.uvigo.ei.aibench.SplashFrame - Loaded merlin-sampler   [version 4.0.2]
2020 Jan 06 15:54:56 [main] handlePluginEngineEvent INFO  es.uvigo.ei.aibench.SplashFrame - Loaded merlin-settings   [version 4.0.2]
2020 Jan 06 15:54:56 [main] handlePluginEngineEvent INFO  es.uvigo.ei.aibench.SplashFrame - Loaded merlin-transyt   [version 4.0.2]
2020 Jan 06 15:54:56 [main] handlePluginEngineEvent INFO  es.uvigo.ei.aibench.SplashFrame - Loaded merlin-workspace-compatibility   [version 4.0.2]
2020 Jan 06 15:55:01 [AWT-EventQueue-0] putItemInSlot WARN  e.u.ei.aibench.workbench.MainWindow - slot not found to place some component: bottom
2020 Jan 06 16:16:35 [AWT-EventQueue-0] error ERROR e.u.ei.aibench.workbench.Workbench - java.lang.Exception: java.lang.IllegalArgumentException: Unable to locate Attribute  with the the given name [inModel] on this ManagedType [pt.uminho.ceb.biosystems.merlin.entities.model.ModelProtein]
2020 Jan 06 16:16:51 [AWT-EventQueue-0] error ERROR e.u.ei.aibench.workbench.Workbench - java.lang.Exception: java.lang.IllegalArgumentException: Unable to locate Attribute  with the the given name [inModel] on this ManagedType [pt.uminho.ceb.biosystems.merlin.entities.model.ModelProtein]
2020 Jan 06 16:17:21 [AWT-EventQueue-0] error ERROR e.u.ei.aibench.workbench.Workbench - java.lang.Exception: java.lang.IllegalArgumentException: Unable to locate Attribute  with the the given name [inModel] on this ManagedType [pt.uminho.ceb.biosystems.merlin.entities.model.ModelProtein]
2020 Jan 06 16:19:23 [AWT-EventQueue-0] error ERROR e.u.ei.aibench.workbench.Workbench - java.lang.Exception: java.lang.IllegalArgumentException: Unable to locate Attribute  with the the given name [inModel] on this ManagedType [pt.uminho.ceb.biosystems.merlin.entities.model.ModelProtein]
2020 Jan 06 17:29:21 [AWT-EventQueue-0] error ERROR e.u.ei.aibench.workbench.Workbench - java.lang.NullPointerException
2020 Jan 06 17:29:32 [AWT-EventQueue-0] error ERROR e.u.ei.aibench.workbench.Workbench - java.lang.NullPointerException
