2020 mai 12 13:55:18 [main] handlePluginEngineEvent INFO  es.uvigo.ei.aibench.SplashFrame - Loaded AIBench Core   [version 2.10.2]
2020 mai 12 13:55:18 [main] handlePluginEngineEvent INFO  es.uvigo.ei.aibench.SplashFrame - Loaded AIBench Plugin Manager   [version 2.10.2]
2020 mai 12 13:55:18 [main] handlePluginEngineEvent INFO  es.uvigo.ei.aibench.SplashFrame - Loaded AIBench Workbench   [version 2.10.2]
2020 mai 12 13:55:18 [main] handlePluginEngineEvent INFO  es.uvigo.ei.aibench.SplashFrame - Loaded merlin-automatic-annotation   [version 4.0.3]
2020 mai 12 13:55:18 [main] handlePluginEngineEvent INFO  es.uvigo.ei.aibench.SplashFrame - Loaded merlin-biocoiso   [version 4.0.3]
2020 mai 12 13:55:18 [main] handlePluginEngineEvent INFO  es.uvigo.ei.aibench.SplashFrame - Loaded merlin-biomass   [version 4.0.3]
2020 mai 12 13:55:18 [main] handlePluginEngineEvent INFO  es.uvigo.ei.aibench.SplashFrame - Loaded merlin-compartments   [version 4.0.3]
2020 mai 12 13:55:18 [main] handlePluginEngineEvent INFO  es.uvigo.ei.aibench.SplashFrame - Loaded merlin-exporter   [version 4.0.3]
2020 mai 12 13:55:18 [main] handlePluginEngineEvent INFO  es.uvigo.ei.aibench.SplashFrame - Loaded merlin-gpr   [version 4.0.3]
2020 mai 12 13:55:18 [main] handlePluginEngineEvent INFO  es.uvigo.ei.aibench.SplashFrame - Loaded merlin-gui   [version 4.0.3]
2020 mai 12 13:55:18 [main] handlePluginEngineEvent INFO  es.uvigo.ei.aibench.SplashFrame - Loaded merlin-interpro   [version 4.0.3]
2020 mai 12 13:55:18 [main] handlePluginEngineEvent INFO  es.uvigo.ei.aibench.SplashFrame - Loaded merlin-sampler   [version 4.0.3]
2020 mai 12 13:55:18 [main] handlePluginEngineEvent INFO  es.uvigo.ei.aibench.SplashFrame - Loaded merlin-settings   [version 4.0.3]
2020 mai 12 13:55:18 [main] handlePluginEngineEvent INFO  es.uvigo.ei.aibench.SplashFrame - Loaded merlin-transyt   [version 4.0.3]
2020 mai 12 13:55:20 [AWT-EventQueue-0] putItemInSlot WARN  e.u.ei.aibench.workbench.MainWindow - slot not found to place some component: bottom
2020 mai 12 13:55:20 [PluginStart0] <init> ERROR e.u.e.s.a.p.PluginManager - No internet Connection
2020 mai 12 14:00:29 [AWT-EventQueue-0] showData WARN  e.u.ei.aibench.workbench.Workbench - Not available views
2020 mai 12 14:01:11 [AWT-EventQueue-0] getPropertyDescriptors WARN  e.u.e.a.workbench.MonitorizeDialog - Warning: progress bean property progress does not have a write method associated so it probably can't be updated
2020 mai 12 14:01:11 [AWT-EventQueue-0] getPropertyDescriptors WARN  e.u.e.a.workbench.MonitorizeDialog - Warning: progress bean property task does not have a write method associated so it probably can't be updated
2020 mai 12 14:01:11 [AWT-EventQueue-0] getPropertyDescriptors WARN  e.u.e.a.workbench.MonitorizeDialog - Warning: progress bean property time does not have a write method associated so it probably can't be updated
2020 mai 12 14:01:11 [Thread-21] checkMembraneCompartment WARN  p.u.c.b.m.c.i.ModelCompartmentsIntegrationOperation - No membrane compartmentID defined!
2020 mai 12 14:01:19 [Thread-19] info INFO  e.u.ei.aibench.workbench.Workbench - Compartments integration complete!
2020 mai 12 14:01:26 [AWT-EventQueue-0] warn WARN  e.u.ei.aibench.workbench.Workbench - cleaning operation canceled!
2020 mai 12 14:01:31 [Thread-30] buildModel ERROR p.u.c.b.m.b.i.r.ContainerBuilder - null reaction metabolites for 10227 R03707
2020 mai 12 14:01:31 [Thread-30] buildModel ERROR p.u.c.b.m.b.i.r.ContainerBuilder - null reaction metabolites for 10228 R03706
2020 mai 12 14:01:31 [Thread-30] buildModel ERROR p.u.c.b.m.b.i.r.ContainerBuilder - null reaction metabolites for 10222 R03710
2020 mai 12 14:01:56 [AWT-EventQueue-0] info INFO  e.u.ei.aibench.workbench.Workbench - all reactions assigned to the model removed!
2020 mai 12 15:58:46 [AWT-EventQueue-0] getPropertyDescriptors WARN  e.u.e.a.workbench.MonitorizeDialog - Warning: progress bean property progress does not have a write method associated so it probably can't be updated
2020 mai 12 15:58:46 [AWT-EventQueue-0] getPropertyDescriptors WARN  e.u.e.a.workbench.MonitorizeDialog - Warning: progress bean property task does not have a write method associated so it probably can't be updated
2020 mai 12 15:58:46 [AWT-EventQueue-0] getPropertyDescriptors WARN  e.u.e.a.workbench.MonitorizeDialog - Warning: progress bean property time does not have a write method associated so it probably can't be updated
2020 mai 12 15:58:47 [Thread-21] checkMembraneCompartment WARN  p.u.c.b.m.c.i.ModelCompartmentsIntegrationOperation - No membrane compartmentID defined!
2020 mai 12 15:58:55 [Thread-19] info INFO  e.u.ei.aibench.workbench.Workbench - Compartments integration complete!
2020 mai 12 15:59:34 [AWT-EventQueue-0] warn WARN  e.u.ei.aibench.workbench.Workbench - cleaning operation canceled!
2020 mai 12 16:00:21 [AWT-EventQueue-0] warn WARN  e.u.ei.aibench.workbench.Workbench - cleaning operation canceled!
2020 mai 12 16:03:58 [AWT-EventQueue-0] warn WARN  e.u.ei.aibench.workbench.Workbench - cleaning operation canceled!
2020 mai 12 16:04:03 [AWT-EventQueue-0] warn WARN  e.u.ei.aibench.workbench.Workbench - cleaning operation canceled!
