2020 mai 05 16:08:52 [main] handlePluginEngineEvent INFO  es.uvigo.ei.aibench.SplashFrame - Loaded AIBench Core   [version 2.10.2]
2020 mai 05 16:08:52 [main] handlePluginEngineEvent INFO  es.uvigo.ei.aibench.SplashFrame - Loaded AIBench Plugin Manager   [version 2.10.2]
2020 mai 05 16:08:52 [main] handlePluginEngineEvent INFO  es.uvigo.ei.aibench.SplashFrame - Loaded AIBench Workbench   [version 2.10.2]
2020 mai 05 16:08:52 [main] handlePluginEngineEvent INFO  es.uvigo.ei.aibench.SplashFrame - Loaded merlin-automatic-annotation   [version 4.0.3]
2020 mai 05 16:08:52 [main] handlePluginEngineEvent INFO  es.uvigo.ei.aibench.SplashFrame - Loaded merlin-biocoiso   [version 4.0.3]
2020 mai 05 16:08:52 [main] handlePluginEngineEvent INFO  es.uvigo.ei.aibench.SplashFrame - Loaded merlin-biomass   [version 4.0.3]
2020 mai 05 16:08:52 [main] handlePluginEngineEvent INFO  es.uvigo.ei.aibench.SplashFrame - Loaded merlin-compartments   [version 4.0.3]
2020 mai 05 16:08:52 [main] handlePluginEngineEvent INFO  es.uvigo.ei.aibench.SplashFrame - Loaded merlin-exporter   [version 4.0.3]
2020 mai 05 16:08:52 [main] handlePluginEngineEvent INFO  es.uvigo.ei.aibench.SplashFrame - Loaded merlin-gpr   [version 4.0.3]
2020 mai 05 16:08:52 [main] handlePluginEngineEvent INFO  es.uvigo.ei.aibench.SplashFrame - Loaded merlin-gui   [version 4.0.3]
2020 mai 05 16:08:52 [main] handlePluginEngineEvent INFO  es.uvigo.ei.aibench.SplashFrame - Loaded merlin-interpro   [version 4.0.3]
2020 mai 05 16:08:52 [main] handlePluginEngineEvent INFO  es.uvigo.ei.aibench.SplashFrame - Loaded merlin-sampler   [version 4.0.3]
2020 mai 05 16:08:52 [main] handlePluginEngineEvent INFO  es.uvigo.ei.aibench.SplashFrame - Loaded merlin-settings   [version 4.0.3]
2020 mai 05 16:08:52 [main] handlePluginEngineEvent INFO  es.uvigo.ei.aibench.SplashFrame - Loaded merlin-transyt   [version 4.0.3]
2020 mai 05 16:08:53 [AWT-EventQueue-0] putItemInSlot WARN  e.u.ei.aibench.workbench.MainWindow - slot not found to place some component: bottom
2020 mai 05 16:08:54 [PluginStart0] <init> ERROR e.u.e.s.a.p.PluginManager - No internet Connection
2020 mai 05 16:11:23 [Thread-42] buildModel ERROR p.u.c.b.m.b.i.r.ContainerBuilder - null reaction metabolites for 1 R03718
2020 mai 05 16:11:23 [Thread-42] buildModel ERROR p.u.c.b.m.b.i.r.ContainerBuilder - null reaction metabolites for 2 R03719
2020 mai 05 16:11:23 [Thread-42] buildModel ERROR p.u.c.b.m.b.i.r.ContainerBuilder - null reaction metabolites for 3 R03710
2020 mai 05 16:11:23 [Thread-42] buildModel ERROR p.u.c.b.m.b.i.r.ContainerBuilder - null reaction metabolites for 4 R03712
2020 mai 05 16:11:23 [Thread-42] buildModel ERROR p.u.c.b.m.b.i.r.ContainerBuilder - null reaction metabolites for 5 R03711
2020 mai 05 16:11:23 [Thread-42] buildModel ERROR p.u.c.b.m.b.i.r.ContainerBuilder - null reaction metabolites for 6 R03713
2020 mai 05 16:11:23 [Thread-42] buildModel ERROR p.u.c.b.m.b.i.r.ContainerBuilder - null reaction metabolites for 7 R03716
2020 mai 05 16:11:23 [Thread-42] buildModel ERROR p.u.c.b.m.b.i.r.ContainerBuilder - null reaction metabolites for 8 R03707
2020 mai 05 16:11:23 [Thread-42] buildModel ERROR p.u.c.b.m.b.i.r.ContainerBuilder - null reaction metabolites for 9 R03706
2020 mai 05 16:11:23 [Thread-42] buildModel ERROR p.u.c.b.m.b.i.r.ContainerBuilder - null reaction metabolites for 10 R03709
2020 mai 05 16:11:37 [Thread-44] buildModel ERROR p.u.c.b.m.b.i.r.ContainerBuilder - null reaction metabolites for 1 R03718
2020 mai 05 16:11:37 [Thread-44] buildModel ERROR p.u.c.b.m.b.i.r.ContainerBuilder - null reaction metabolites for 2 R03719
2020 mai 05 16:11:37 [Thread-44] buildModel ERROR p.u.c.b.m.b.i.r.ContainerBuilder - null reaction metabolites for 3 R03710
2020 mai 05 16:11:37 [Thread-44] buildModel ERROR p.u.c.b.m.b.i.r.ContainerBuilder - null reaction metabolites for 4 R03712
2020 mai 05 16:11:37 [Thread-44] buildModel ERROR p.u.c.b.m.b.i.r.ContainerBuilder - null reaction metabolites for 5 R03711
2020 mai 05 16:11:37 [Thread-44] buildModel ERROR p.u.c.b.m.b.i.r.ContainerBuilder - null reaction metabolites for 6 R03713
2020 mai 05 16:11:37 [Thread-44] buildModel ERROR p.u.c.b.m.b.i.r.ContainerBuilder - null reaction metabolites for 7 R03716
2020 mai 05 16:11:37 [Thread-44] buildModel ERROR p.u.c.b.m.b.i.r.ContainerBuilder - null reaction metabolites for 8 R03707
2020 mai 05 16:11:37 [Thread-44] buildModel ERROR p.u.c.b.m.b.i.r.ContainerBuilder - null reaction metabolites for 9 R03706
2020 mai 05 16:11:37 [Thread-44] buildModel ERROR p.u.c.b.m.b.i.r.ContainerBuilder - null reaction metabolites for 10 R03709
2020 mai 05 16:11:58 [AWT-EventQueue-0] getPropertyDescriptors WARN  e.u.e.a.workbench.MonitorizeDialog - Warning: progress bean property progress does not have a write method associated so it probably can't be updated
2020 mai 05 16:11:58 [AWT-EventQueue-0] getPropertyDescriptors WARN  e.u.e.a.workbench.MonitorizeDialog - Warning: progress bean property task does not have a write method associated so it probably can't be updated
2020 mai 05 16:11:58 [AWT-EventQueue-0] getPropertyDescriptors WARN  e.u.e.a.workbench.MonitorizeDialog - Warning: progress bean property time does not have a write method associated so it probably can't be updated
2020 mai 05 16:11:58 [Thread-50] checkMembraneCompartment WARN  p.u.c.b.m.g.o.i.ModelCompartmentsIntegration - No membrane compartmentID defined!
2020 mai 05 16:12:07 [Thread-19] info INFO  e.u.ei.aibench.workbench.Workbench - Compartments integration complete!
2020 mai 05 16:12:42 [Thread-56] buildModel ERROR p.u.c.b.m.b.i.r.ContainerBuilder - null reaction metabolites for 10137 R03707
2020 mai 05 16:12:42 [Thread-56] buildModel ERROR p.u.c.b.m.b.i.r.ContainerBuilder - null reaction metabolites for 10138 R03706
2020 mai 05 16:12:42 [Thread-56] buildModel ERROR p.u.c.b.m.b.i.r.ContainerBuilder - null reaction metabolites for 10132 R03710
2020 mai 05 16:15:57 [Thread-21] warn WARN  e.u.ei.aibench.workbench.Workbench - Compartments have been predicted already. 
Please go to "Workspace" menu, press "Clean".
Select the correct workspace and then, in "select information", select "compartment annotation". Press "OK" 
2020 mai 05 16:16:05 [AWT-EventQueue-0] info INFO  e.u.ei.aibench.workbench.Workbench - all reactions assigned to the model removed!
2020 mai 05 16:16:31 [AWT-EventQueue-0] getPropertyDescriptors WARN  e.u.e.a.workbench.MonitorizeDialog - Warning: progress bean property progress does not have a write method associated so it probably can't be updated
2020 mai 05 16:16:31 [AWT-EventQueue-0] getPropertyDescriptors WARN  e.u.e.a.workbench.MonitorizeDialog - Warning: progress bean property task does not have a write method associated so it probably can't be updated
2020 mai 05 16:16:31 [AWT-EventQueue-0] getPropertyDescriptors WARN  e.u.e.a.workbench.MonitorizeDialog - Warning: progress bean property time does not have a write method associated so it probably can't be updated
2020 mai 05 16:16:31 [Thread-50] checkMembraneCompartment WARN  p.u.c.b.m.g.o.i.ModelCompartmentsIntegration - No membrane compartmentID defined!
2020 mai 05 16:16:56 [Thread-19] info INFO  e.u.ei.aibench.workbench.Workbench - Compartments integration complete!
2020 mai 05 16:17:02 [AWT-EventQueue-0] info INFO  e.u.ei.aibench.workbench.Workbench - all reactions assigned to the model removed!
2020 mai 05 16:23:51 [AWT-EventQueue-0] info INFO  e.u.ei.aibench.workbench.Workbench - workspace diogoTestRomeu successfuly created.
2020 mai 05 16:25:31 [Thread-19] warn WARN  e.u.ei.aibench.workbench.Workbench - unable to download'.faa' and '.fna' genBank ftp files, please import files manually
2020 mai 05 16:25:33 [Thread-19] warn WARN  e.u.ei.aibench.workbench.Workbench - unable to download rna_from_genomic.fna file, from genBank ftp, please import file manually
